#
# There is insufficient memory for the Java Runtime Environment to continue.
# Native memory allocation (malloc) failed to allocate 1072176 bytes. Error detail: Chunk::new
# Possible reasons:
#   The system is out of physical RAM or swap space
#   This process is running with CompressedOops enabled, and the Java Heap may be blocking the growth of the native heap
# Possible solutions:
#   Reduce memory load on the system
#   Increase physical memory or swap space
#   Check if swap backing store is full
#   Decrease Java heap size (-Xmx/-Xms)
#   Decrease number of Java threads
#   Decrease Java thread stack sizes (-Xss)
#   Set larger code cache with -XX:ReservedCodeCacheSize=
#   JVM is running with Unscaled Compressed Oops mode in which the Java heap is
#     placed in the first 4GB address space. The Java Heap base address is the
#     maximum limit for the native heap growth. Please use -XX:HeapBaseMinAddress
#     to set the Java Heap base and to place the Java Heap above 4GB virtual address.
# This output file may be truncated or incomplete.
#
#  Out of Memory Error (arena.cpp:168), pid=27608, tid=15412
#
# JRE version: OpenJDK Runtime Environment Temurin-21.0.6+7 (21.0.6+7) (build 21.0.6+7-LTS)
# Java VM: OpenJDK 64-Bit Server VM Temurin-21.0.6+7 (21.0.6+7-LTS, mixed mode, sharing, tiered, compressed oops, compressed class ptrs, parallel gc, windows-amd64)
# No core dump will be written. Minidumps are not enabled by default on client versions of Windows
#

---------------  S U M M A R Y ------------

Command Line: --add-modules=ALL-SYSTEM --add-opens=java.base/java.util=ALL-UNNAMED --add-opens=java.base/java.lang=ALL-UNNAMED --add-opens=java.base/sun.nio.fs=ALL-UNNAMED -Declipse.application=org.eclipse.jdt.ls.core.id1 -Dosgi.bundles.defaultStartLevel=4 -Declipse.product=org.eclipse.jdt.ls.core.product -Djava.import.generatesMetadataFilesAtProjectRoot=false -DDetectVMInstallationsJob.disabled=true -Dfile.encoding=utf8 -XX:+UseParallelGC -XX:GCTimeRatio=4 -XX:AdaptiveSizePolicyWeight=90 -Dsun.zip.disableMemoryMapping=true -Xmx1G -Xms100m -Xlog:disable -javaagent:c:\Users\Prajj\.vscode\extensions\redhat.java-1.41.1-win32-x64\lombok\lombok-1.18.36.jar -XX:+HeapDumpOnOutOfMemoryError -XX:HeapDumpPath=c:\Users\Prajj\AppData\Roaming\Code\User\workspaceStorage\5758e71ef092184fd3b5830747acee19\redhat.java -Daether.dependencyCollector.impl=bf c:\Users\Prajj\.vscode\extensions\redhat.java-1.41.1-win32-x64\server\plugins\org.eclipse.equinox.launcher_1.7.0.v20250331-1702.jar -configuration c:\Users\Prajj\AppData\Roaming\Code\User\globalStorage\redhat.java\1.41.1\config_win -data c:\Users\Prajj\AppData\Roaming\Code\User\workspaceStorage\5758e71ef092184fd3b5830747acee19\redhat.java\jdt_ws --pipe=\\.\pipe\lsp-b16d91692157f5c1934de3c5c7b16bfa-sock

Host: 12th Gen Intel(R) Core(TM) i5-1235U, 12 cores, 7G,  Windows 11 , 64 bit Build 26100 (10.0.26100.3912)
Time: Fri May 16 23:07:48 2025 India Standard Time elapsed time: 44.096910 seconds (0d 0h 0m 44s)

---------------  T H R E A D  ---------------

Current thread (0x0000020011195010):  JavaThread "C2 CompilerThread1" daemon [_thread_in_native, id=15412, stack(0x000000d434100000,0x000000d434200000) (1024K)]


Current CompileTask:
C2:44097 10432   !   4       org.eclipse.jdt.internal.core.search.indexing.BinaryIndexer::indexDocument (1204 bytes)

Stack: [0x000000d434100000,0x000000d434200000]
Native frames: (J=compiled Java code, j=interpreted, Vv=VM code, C=native code)
V  [jvm.dll+0x6cdee9]
V  [jvm.dll+0x8a83d1]
V  [jvm.dll+0x8aa8fe]
V  [jvm.dll+0x8aafe3]
V  [jvm.dll+0x27f706]
V  [jvm.dll+0xc500d]
V  [jvm.dll+0xc5543]
V  [jvm.dll+0x2f2acd]
V  [jvm.dll+0x5f6a2a]
V  [jvm.dll+0x250bb2]
V  [jvm.dll+0x250f6f]
V  [jvm.dll+0x249834]
V  [jvm.dll+0x246ec4]
V  [jvm.dll+0x1c75ee]
V  [jvm.dll+0x25685a]
V  [jvm.dll+0x254dfa]
V  [jvm.dll+0x3f0256]
V  [jvm.dll+0x851f8b]
V  [jvm.dll+0x6cc5ed]
C  [ucrtbase.dll+0x37b0]
C  [KERNEL32.DLL+0x2e8d7]
C  [ntdll.dll+0x9c5dc]


---------------  P R O C E S S  ---------------

Threads class SMR info:
_java_thread_list=0x000002001148c890, length=77, elements={
0x000001ffaa36caf0, 0x000001ffac724400, 0x000001ffc0a6e140, 0x000001ffac725950,
0x000001ffac72f130, 0x000001ffac72fcb0, 0x000001ffac7338e0, 0x000001ffac734660,
0x000001ffac7398c0, 0x0000020003003480, 0x000002000804da90, 0x00000200086e9fb0,
0x000002000879c220, 0x0000020008b7e8c0, 0x0000020008b7ef20, 0x0000020008e33200,
0x0000020008e32720, 0x00000200090362e0, 0x0000020009035c50, 0x00000200090355c0,
0x0000020009036970, 0x0000020009033b80, 0x0000020009034210, 0x0000020009034f30,
0x000002000a44f4e0, 0x000002000a44e7c0, 0x000002000a44c6f0, 0x000002000a44daa0,
0x000002000a44c060, 0x000002000a450200, 0x000002000a44d410, 0x000002000a44e130,
0x000002000a44ee50, 0x000002000a44fb70, 0x000002000a44cd80, 0x000002000a451c40,
0x000002000a450890, 0x000002000a453680, 0x000002000a450f20, 0x000002000a452960,
0x000002000a4515b0, 0x000002000a4522d0, 0x000002000a452ff0, 0x00000200090348a0,
0x00000200093c9130, 0x00000200093c97c0, 0x00000200093c8410, 0x00000200093cab70,
0x00000200093c8aa0, 0x00000200093c9e50, 0x00000200093cc5b0, 0x00000200093ccc40,
0x00000200093cb890, 0x00000200093cb200, 0x00000200093cd2d0, 0x00000200093cd960,
0x00000200093ca4e0, 0x00000200093cdff0, 0x00000200093cbf20, 0x00000200093ce680,
0x00000200093cf3a0, 0x00000200093cfa30, 0x000002000c17ee80, 0x000002000c1815e0,
0x000002000c17f510, 0x000002000c17e7f0, 0x000002000c17e160, 0x000002000c183020,
0x000002000c182300, 0x000002000c17fba0, 0x000002000c1808c0, 0x0000020011195010,
0x000002000c183d40, 0x000002000c1836b0, 0x000002000c181c70, 0x000002000c1843d0,
0x000002000c180f50
}

Java Threads: ( => current thread )
  0x000001ffaa36caf0 JavaThread "main"                              [_thread_blocked, id=20288, stack(0x000000d433400000,0x000000d433500000) (1024K)]
  0x000001ffac724400 JavaThread "Reference Handler"          daemon [_thread_blocked, id=35604, stack(0x000000d433800000,0x000000d433900000) (1024K)]
  0x000001ffc0a6e140 JavaThread "Finalizer"                  daemon [_thread_blocked, id=23244, stack(0x000000d433900000,0x000000d433a00000) (1024K)]
  0x000001ffac725950 JavaThread "Signal Dispatcher"          daemon [_thread_blocked, id=33316, stack(0x000000d433a00000,0x000000d433b00000) (1024K)]
  0x000001ffac72f130 JavaThread "Attach Listener"            daemon [_thread_blocked, id=26712, stack(0x000000d433b00000,0x000000d433c00000) (1024K)]
  0x000001ffac72fcb0 JavaThread "Service Thread"             daemon [_thread_blocked, id=11932, stack(0x000000d433c00000,0x000000d433d00000) (1024K)]
  0x000001ffac7338e0 JavaThread "Monitor Deflation Thread"   daemon [_thread_blocked, id=26380, stack(0x000000d433d00000,0x000000d433e00000) (1024K)]
  0x000001ffac734660 JavaThread "C2 CompilerThread0"         daemon [_thread_in_native, id=21380, stack(0x000000d433e00000,0x000000d433f00000) (1024K)]
  0x000001ffac7398c0 JavaThread "C1 CompilerThread0"         daemon [_thread_blocked, id=7176, stack(0x000000d433f00000,0x000000d434000000) (1024K)]
  0x0000020003003480 JavaThread "Common-Cleaner"             daemon [_thread_blocked, id=33916, stack(0x000000d434000000,0x000000d434100000) (1024K)]
  0x000002000804da90 JavaThread "Notification Thread"        daemon [_thread_blocked, id=31148, stack(0x000000d434200000,0x000000d434300000) (1024K)]
  0x00000200086e9fb0 JavaThread "Active Thread: Equinox Container: 2a5db2b2-6e46-422c-a528-14e1bad3a044"        [_thread_blocked, id=33048, stack(0x000000d434a00000,0x000000d434b00000) (1024K)]
  0x000002000879c220 JavaThread "Refresh Thread: Equinox Container: 2a5db2b2-6e46-422c-a528-14e1bad3a044" daemon [_thread_blocked, id=31312, stack(0x000000d434b00000,0x000000d434c00000) (1024K)]
  0x0000020008b7e8c0 JavaThread "Framework Event Dispatcher: Equinox Container: 2a5db2b2-6e46-422c-a528-14e1bad3a044" daemon [_thread_blocked, id=10076, stack(0x000000d434d00000,0x000000d434e00000) (1024K)]
  0x0000020008b7ef20 JavaThread "Start Level: Equinox Container: 2a5db2b2-6e46-422c-a528-14e1bad3a044" daemon [_thread_blocked, id=33972, stack(0x000000d434e00000,0x000000d434f00000) (1024K)]
  0x0000020008e33200 JavaThread "Bundle File Closer"         daemon [_thread_blocked, id=21768, stack(0x000000d434f00000,0x000000d435000000) (1024K)]
  0x0000020008e32720 JavaThread "SCR Component Actor"        daemon [_thread_blocked, id=3344, stack(0x000000d435200000,0x000000d435300000) (1024K)]
  0x00000200090362e0 JavaThread "Worker-JM"                         [_thread_blocked, id=31084, stack(0x000000d435400000,0x000000d435500000) (1024K)]
  0x0000020009035c50 JavaThread "JNA Cleaner"                daemon [_thread_blocked, id=30408, stack(0x000000d435500000,0x000000d435600000) (1024K)]
  0x00000200090355c0 JavaThread "Worker-0"                          [_thread_blocked, id=15432, stack(0x000000d435600000,0x000000d435700000) (1024K)]
  0x0000020009036970 JavaThread "Worker-1: Building"                [_thread_blocked, id=35084, stack(0x000000d435700000,0x000000d435800000) (1024K)]
  0x0000020009033b80 JavaThread "Java indexing"              daemon [_thread_in_vm, id=33192, stack(0x000000d435800000,0x000000d435900000) (1024K)]
  0x0000020009034210 JavaThread "Worker-2"                          [_thread_blocked, id=34172, stack(0x000000d435900000,0x000000d435a00000) (1024K)]
  0x0000020009034f30 JavaThread "Worker-3: Java indexing... "        [_thread_blocked, id=16112, stack(0x000000d435c00000,0x000000d435d00000) (1024K)]
  0x000002000a44f4e0 JavaThread "Worker-4"                          [_thread_blocked, id=5116, stack(0x000000d435d00000,0x000000d435e00000) (1024K)]
  0x000002000a44e7c0 JavaThread "Thread-2"                   daemon [_thread_in_native, id=28352, stack(0x000000d435e00000,0x000000d435f00000) (1024K)]
  0x000002000a44c6f0 JavaThread "Thread-3"                   daemon [_thread_in_native, id=34800, stack(0x000000d435f00000,0x000000d436000000) (1024K)]
  0x000002000a44daa0 JavaThread "Thread-4"                   daemon [_thread_in_native, id=33088, stack(0x000000d436000000,0x000000d436100000) (1024K)]
  0x000002000a44c060 JavaThread "Thread-5"                   daemon [_thread_in_native, id=28104, stack(0x000000d436100000,0x000000d436200000) (1024K)]
  0x000002000a450200 JavaThread "Thread-6"                   daemon [_thread_in_native, id=2336, stack(0x000000d436200000,0x000000d436300000) (1024K)]
  0x000002000a44d410 JavaThread "Thread-7"                   daemon [_thread_in_native, id=1684, stack(0x000000d436300000,0x000000d436400000) (1024K)]
  0x000002000a44e130 JavaThread "Thread-8"                   daemon [_thread_in_native, id=35312, stack(0x000000d436400000,0x000000d436500000) (1024K)]
  0x000002000a44ee50 JavaThread "Thread-9"                   daemon [_thread_in_native, id=30128, stack(0x000000d436500000,0x000000d436600000) (1024K)]
  0x000002000a44fb70 JavaThread "Thread-10"                  daemon [_thread_in_native, id=16736, stack(0x000000d436600000,0x000000d436700000) (1024K)]
  0x000002000a44cd80 JavaThread "Thread-11"                  daemon [_thread_in_native, id=26664, stack(0x000000d436700000,0x000000d436800000) (1024K)]
  0x000002000a451c40 JavaThread "Thread-12"                  daemon [_thread_in_native, id=35572, stack(0x000000d436800000,0x000000d436900000) (1024K)]
  0x000002000a450890 JavaThread "Thread-13"                  daemon [_thread_in_native, id=31596, stack(0x000000d436900000,0x000000d436a00000) (1024K)]
  0x000002000a453680 JavaThread "Thread-14"                  daemon [_thread_in_native, id=15740, stack(0x000000d436a00000,0x000000d436b00000) (1024K)]
  0x000002000a450f20 JavaThread "pool-2-thread-1"                   [_thread_blocked, id=32720, stack(0x000000d436b00000,0x000000d436c00000) (1024K)]
  0x000002000a452960 JavaThread "Worker-5"                          [_thread_blocked, id=3768, stack(0x000000d436c00000,0x000000d436d00000) (1024K)]
  0x000002000a4515b0 JavaThread "WorkspaceEventsHandler"            [_thread_blocked, id=13576, stack(0x000000d436d00000,0x000000d436e00000) (1024K)]
  0x000002000a4522d0 JavaThread "pool-1-thread-1"                   [_thread_blocked, id=33648, stack(0x000000d436e00000,0x000000d436f00000) (1024K)]
  0x000002000a452ff0 JavaThread "LocalFile Deleter"          daemon [_thread_blocked, id=27984, stack(0x000000d435300000,0x000000d435400000) (1024K)]
  0x00000200090348a0 JavaThread "LocalFile Deleter"          daemon [_thread_blocked, id=33544, stack(0x000000d436f00000,0x000000d437000000) (1024K)]
  0x00000200093c9130 JavaThread "LocalFile Deleter"          daemon [_thread_blocked, id=1380, stack(0x000000d437000000,0x000000d437100000) (1024K)]
  0x00000200093c97c0 JavaThread "LocalFile Deleter"          daemon [_thread_blocked, id=26960, stack(0x000000d437100000,0x000000d437200000) (1024K)]
  0x00000200093c8410 JavaThread "LocalFile Deleter"          daemon [_thread_blocked, id=26280, stack(0x000000d437200000,0x000000d437300000) (1024K)]
  0x00000200093cab70 JavaThread "LocalFile Deleter"          daemon [_thread_blocked, id=35556, stack(0x000000d437300000,0x000000d437400000) (1024K)]
  0x00000200093c8aa0 JavaThread "LocalFile Deleter"          daemon [_thread_blocked, id=24888, stack(0x000000d437400000,0x000000d437500000) (1024K)]
  0x00000200093c9e50 JavaThread "LocalFile Deleter"          daemon [_thread_blocked, id=2192, stack(0x000000d437500000,0x000000d437600000) (1024K)]
  0x00000200093cc5b0 JavaThread "Compiler Source File Reader" daemon [_thread_blocked, id=34276, stack(0x000000d437600000,0x000000d437700000) (1024K)]
  0x00000200093ccc40 JavaThread "Compiler Source File Reader" daemon [_thread_blocked, id=33592, stack(0x000000d437700000,0x000000d437800000) (1024K)]
  0x00000200093cb890 JavaThread "Compiler Source File Reader" daemon [_thread_blocked, id=16624, stack(0x000000d437800000,0x000000d437900000) (1024K)]
  0x00000200093cb200 JavaThread "Compiler Source File Reader" daemon [_thread_blocked, id=33536, stack(0x000000d437900000,0x000000d437a00000) (1024K)]
  0x00000200093cd2d0 JavaThread "Compiler Source File Reader" daemon [_thread_blocked, id=34400, stack(0x000000d437a00000,0x000000d437b00000) (1024K)]
  0x00000200093cd960 JavaThread "Compiler Source File Reader" daemon [_thread_blocked, id=25116, stack(0x000000d437b00000,0x000000d437c00000) (1024K)]
  0x00000200093ca4e0 JavaThread "Compiler Source File Reader" daemon [_thread_blocked, id=27936, stack(0x000000d437c00000,0x000000d437d00000) (1024K)]
  0x00000200093cdff0 JavaThread "Compiler Source File Reader" daemon [_thread_blocked, id=12176, stack(0x000000d437d00000,0x000000d437e00000) (1024K)]
  0x00000200093cbf20 JavaThread "Compiler Source File Reader" daemon [_thread_blocked, id=20712, stack(0x000000d437e00000,0x000000d437f00000) (1024K)]
  0x00000200093ce680 JavaThread "Compiler Source File Reader" daemon [_thread_blocked, id=31096, stack(0x000000d437f00000,0x000000d438000000) (1024K)]
  0x00000200093cf3a0 JavaThread "Compiler Processing Task"   daemon [_thread_blocked, id=21760, stack(0x000000d438000000,0x000000d438100000) (1024K)]
  0x00000200093cfa30 JavaThread "Compiler Class File Writer" daemon [_thread_blocked, id=35484, stack(0x000000d438100000,0x000000d438200000) (1024K)]
  0x000002000c17ee80 JavaThread "Compiler Class File Writer" daemon [_thread_blocked, id=30256, stack(0x000000d438200000,0x000000d438300000) (1024K)]
  0x000002000c1815e0 JavaThread "Compiler Class File Writer" daemon [_thread_blocked, id=32152, stack(0x000000d438300000,0x000000d438400000) (1024K)]
  0x000002000c17f510 JavaThread "Compiler Class File Writer" daemon [_thread_blocked, id=25900, stack(0x000000d438400000,0x000000d438500000) (1024K)]
  0x000002000c17e7f0 JavaThread "Compiler Class File Writer" daemon [_thread_blocked, id=14312, stack(0x000000d438500000,0x000000d438600000) (1024K)]
  0x000002000c17e160 JavaThread "Compiler Class File Writer" daemon [_thread_blocked, id=10192, stack(0x000000d438600000,0x000000d438700000) (1024K)]
  0x000002000c183020 JavaThread "Compiler Class File Writer" daemon [_thread_blocked, id=23144, stack(0x000000d438700000,0x000000d438800000) (1024K)]
  0x000002000c182300 JavaThread "Compiler Class File Writer" daemon [_thread_blocked, id=21788, stack(0x000000d438800000,0x000000d438900000) (1024K)]
  0x000002000c17fba0 JavaThread "Compiler Class File Writer" daemon [_thread_blocked, id=11924, stack(0x000000d438900000,0x000000d438a00000) (1024K)]
  0x000002000c1808c0 JavaThread "Compiler Class File Writer" daemon [_thread_blocked, id=29724, stack(0x000000d438a00000,0x000000d438b00000) (1024K)]
=>0x0000020011195010 JavaThread "C2 CompilerThread1"         daemon [_thread_in_native, id=15412, stack(0x000000d434100000,0x000000d434200000) (1024K)]
  0x000002000c183d40 JavaThread "ParallelDescriptorResolver-0-0" daemon [_thread_in_native, id=34384, stack(0x000000d434300000,0x000000d434400000) (1024K)]
  0x000002000c1836b0 JavaThread "ParallelDescriptorResolver-0-1" daemon [_thread_in_native, id=21688, stack(0x000000d438b00000,0x000000d438c00000) (1024K)]
  0x000002000c181c70 JavaThread "ParallelDescriptorResolver-0-2" daemon [_thread_in_native, id=34804, stack(0x000000d438c00000,0x000000d438d00000) (1024K)]
  0x000002000c1843d0 JavaThread "ParallelDescriptorResolver-0-3" daemon [_thread_in_native, id=35680, stack(0x000000d438d00000,0x000000d438e00000) (1024K)]
  0x000002000c180f50 JavaThread "ParallelDescriptorResolver-0-4" daemon [_thread_in_native, id=1816, stack(0x000000d438e00000,0x000000d438f00000) (1024K)]
Total: 77

Other Threads:
  0x000001ffc0a54960 VMThread "VM Thread"                           [id=8128, stack(0x000000d433700000,0x000000d433800000) (1024K)]
  0x000001ffc094ca00 WatcherThread "VM Periodic Task Thread"        [id=28184, stack(0x000000d433600000,0x000000d433700000) (1024K)]
  0x000001ffac69ec30 WorkerThread "GC Thread#0"                     [id=29616, stack(0x000000d433500000,0x000000d433600000) (1024K)]
  0x00000200086ef0d0 WorkerThread "GC Thread#1"                     [id=31336, stack(0x000000d434400000,0x000000d434500000) (1024K)]
  0x000002000876af40 WorkerThread "GC Thread#2"                     [id=27216, stack(0x000000d434500000,0x000000d434600000) (1024K)]
  0x000002000876b2e0 WorkerThread "GC Thread#3"                     [id=26008, stack(0x000000d434600000,0x000000d434700000) (1024K)]
  0x000002000876b680 WorkerThread "GC Thread#4"                     [id=31648, stack(0x000000d434700000,0x000000d434800000) (1024K)]
  0x000002000876ba20 WorkerThread "GC Thread#5"                     [id=33308, stack(0x000000d434800000,0x000000d434900000) (1024K)]
  0x000002000876bdc0 WorkerThread "GC Thread#6"                     [id=24664, stack(0x000000d434900000,0x000000d434a00000) (1024K)]
  0x0000020008b7e150 WorkerThread "GC Thread#7"                     [id=33612, stack(0x000000d434c00000,0x000000d434d00000) (1024K)]
  0x000002000871e370 WorkerThread "GC Thread#8"                     [id=33656, stack(0x000000d435000000,0x000000d435100000) (1024K)]
  0x0000020008b54b80 WorkerThread "GC Thread#9"                     [id=7872, stack(0x000000d435100000,0x000000d435200000) (1024K)]
Total: 12

Threads with active compile tasks:
C2 CompilerThread0  44156 10428       4       org.eclipse.jdt.internal.core.search.indexing.BinaryIndexer::extractReferenceFromConstantPool (358 bytes)
C1 CompilerThread0  44157 10597       1       org.apache.maven.model.Model::setOrganization (6 bytes)
C2 CompilerThread1  44157 10432   !   4       org.eclipse.jdt.internal.core.search.indexing.BinaryIndexer::indexDocument (1204 bytes)
Total: 3

VM state: not at safepoint (normal execution)

VM Mutex/Monitor currently owned by a thread: None

Heap address: 0x00000000c0000000, size: 1024 MB, Compressed Oops mode: 32-bit

CDS archive(s) mapped at: [0x000001ffc1000000-0x000001ffc1ba0000-0x000001ffc1ba0000), size 12189696, SharedBaseAddress: 0x000001ffc1000000, ArchiveRelocationMode: 1.
Compressed class space mapped at: 0x000001ffc2000000-0x0000020002000000, reserved size: 1073741824
Narrow klass base: 0x000001ffc1000000, Narrow klass shift: 0, Narrow klass range: 0x100000000

GC Precious Log:
 CardTable entry size: 512
 CPUs: 12 total, 12 available
 Memory: 7860M
 Large Page Support: Disabled
 NUMA Support: Disabled
 Compressed Oops: Enabled (32-bit)
 Alignments: Space 512K, Generation 512K, Heap 2M
 Heap Min Capacity: 100M
 Heap Initial Capacity: 100M
 Heap Max Capacity: 1G
 Pre-touch: Disabled
 Parallel Workers: 10

Heap:
 PSYoungGen      total 8704K, used 3564K [0x00000000eab00000, 0x00000000eb580000, 0x0000000100000000)
  eden space 7168K, 33% used [0x00000000eab00000,0x00000000ead5d2f8,0x00000000eb200000)
  from space 1536K, 74% used [0x00000000eb200000,0x00000000eb31dff0,0x00000000eb380000)
  to   space 1536K, 0% used [0x00000000eb400000,0x00000000eb400000,0x00000000eb580000)
 ParOldGen       total 338432K, used 337945K [0x00000000c0000000, 0x00000000d4a80000, 0x00000000eab00000)
  object space 338432K, 99% used [0x00000000c0000000,0x00000000d4a06718,0x00000000d4a80000)
 Metaspace       used 58709K, committed 60096K, reserved 1114112K
  class space    used 6054K, committed 6720K, reserved 1048576K

Card table byte_map: [0x000001ffac020000,0x000001ffac230000] _byte_map_base: 0x000001ffaba20000

Marking Bits: (ParMarkBitMap*) 0x00007ffd02723260
 Begin Bits: [0x000001ffbe870000, 0x000001ffbf870000)
 End Bits:   [0x000001ffbf870000, 0x000001ffc0870000)

Polling page: 0x000001ffabcd0000

Metaspace:

Usage:
  Non-class:     51.42 MB used.
      Class:      5.91 MB used.
       Both:     57.33 MB used.

Virtual space:
  Non-class space:       64.00 MB reserved,      52.12 MB ( 81%) committed,  1 nodes.
      Class space:        1.00 GB reserved,       6.56 MB ( <1%) committed,  1 nodes.
             Both:        1.06 GB reserved,      58.69 MB (  5%) committed. 

Chunk freelists:
   Non-Class:  11.66 MB
       Class:  9.48 MB
        Both:  21.14 MB

MaxMetaspaceSize: unlimited
CompressedClassSpaceSize: 1.00 GB
Initial GC threshold: 21.00 MB
Current GC threshold: 96.50 MB
CDS: on
 - commit_granule_bytes: 65536.
 - commit_granule_words: 8192.
 - virtual_space_node_default_size: 8388608.
 - enlarge_chunks_in_place: 1.
 - use_allocation_guard: 0.


Internal statistics:

num_allocs_failed_limit: 6.
num_arena_births: 1130.
num_arena_deaths: 14.
num_vsnodes_births: 2.
num_vsnodes_deaths: 0.
num_space_committed: 939.
num_space_uncommitted: 0.
num_chunks_returned_to_freelist: 20.
num_chunks_taken_from_freelist: 3922.
num_chunk_merges: 12.
num_chunk_splits: 2391.
num_chunks_enlarged: 1302.
num_inconsistent_stats: 0.

CodeHeap 'non-profiled nmethods': size=120000Kb used=5854Kb max_used=5998Kb free=114145Kb
 bounds [0x000001ffb7340000, 0x000001ffb7920000, 0x000001ffbe870000]
CodeHeap 'profiled nmethods': size=120000Kb used=16402Kb max_used=19781Kb free=103597Kb
 bounds [0x000001ffaf870000, 0x000001ffb0bd0000, 0x000001ffb6da0000]
CodeHeap 'non-nmethods': size=5760Kb used=1418Kb max_used=1507Kb free=4341Kb
 bounds [0x000001ffb6da0000, 0x000001ffb7010000, 0x000001ffb7340000]
 total_blobs=8861 nmethods=8134 adapters=633
 compilation: enabled
              stopped_count=0, restarted_count=0
 full_count=0

Compilation events (20 events):
Event: 43.102 Thread 0x000001ffac7398c0 nmethod 10548 0x000001ffb02a1c10 code [0x000001ffb02a1da0, 0x000001ffb02a1ec8]
Event: 43.102 Thread 0x000001ffac7398c0 10549       2       org.apache.maven.model.RepositoryBase::<init> (11 bytes)
Event: 43.103 Thread 0x000001ffac7398c0 nmethod 10549 0x000001ffb02f3290 code [0x000001ffb02f3420, 0x000001ffb02f3548]
Event: 43.104 Thread 0x000001ffac7398c0 10550   !   2       java.util.Hashtable::cloneHashtable (18 bytes)
Event: 43.105 Thread 0x000001ffac7398c0 nmethod 10550 0x000001ffb024d790 code [0x000001ffb024d940, 0x000001ffb024db50]
Event: 43.105 Thread 0x000001ffac7398c0 10551       2       java.util.concurrent.ConcurrentHashMap::<init> (16 bytes)
Event: 43.105 Thread 0x000001ffac7398c0 nmethod 10551 0x000001ffb065a610 code [0x000001ffb065a7c0, 0x000001ffb065a8f8]
Event: 43.105 Thread 0x000001ffac7398c0 10552       2       java.util.concurrent.ThreadPoolExecutor::runStateAtLeast (11 bytes)
Event: 43.106 Thread 0x000001ffac7398c0 nmethod 10552 0x000001ffafd60a90 code [0x000001ffafd60c20, 0x000001ffafd60d18]
Event: 43.106 Thread 0x000001ffac7398c0 10553       1       org.eclipse.aether.resolution.ArtifactDescriptorRequest::getRepositories (5 bytes)
Event: 43.106 Thread 0x000001ffac7398c0 nmethod 10553 0x000001ffb76a5790 code [0x000001ffb76a5920, 0x000001ffb76a59e8]
Event: 43.106 Thread 0x000001ffac7398c0 10554       1       org.eclipse.aether.resolution.ArtifactDescriptorRequest::getRequestContext (5 bytes)
Event: 43.106 Thread 0x000001ffac7398c0 nmethod 10554 0x000001ffb76a5490 code [0x000001ffb76a5620, 0x000001ffb76a56e8]
Event: 43.108 Thread 0x000001ffac7398c0 10556       2       java.util.Formatter$FormatSpecifier::print (57 bytes)
Event: 43.109 Thread 0x000001ffac7398c0 nmethod 10556 0x000001ffafba5190 code [0x000001ffafba53a0, 0x000001ffafba5760]
Event: 43.119 Thread 0x000001ffac7398c0 10558       2       java.io.FileDescriptor::setHandle (33 bytes)
Event: 43.120 Thread 0x000001ffac7398c0 nmethod 10558 0x000001ffb0691a10 code [0x000001ffb0691bc0, 0x000001ffb0691d48]
Event: 43.120 Thread 0x000001ffac7398c0 10559       1       org.apache.maven.model.Parent::getRelativePath (5 bytes)
Event: 43.120 Thread 0x000001ffac7398c0 nmethod 10559 0x000001ffb76a5190 code [0x000001ffb76a5320, 0x000001ffb76a53e8]
Event: 43.121 Thread 0x000001ffac7398c0 10560   !   2       org.apache.maven.model.building.DefaultModelBuilder::importDependencyManagement (1104 bytes)

GC Heap History (20 events):
Event: 35.133 GC heap before
{Heap before GC invocations=399 (full 4):
 PSYoungGen      total 8192K, used 7872K [0x00000000eab00000, 0x00000000eb900000, 0x0000000100000000)
  eden space 5120K, 100% used [0x00000000eab00000,0x00000000eb000000,0x00000000eb000000)
  from space 3072K, 89% used [0x00000000eb600000,0x00000000eb8b0000,0x00000000eb900000)
  to   space 4096K, 0% used [0x00000000eb100000,0x00000000eb100000,0x00000000eb500000)
 ParOldGen       total 328192K, used 327888K [0x00000000c0000000, 0x00000000d4080000, 0x00000000eab00000)
  object space 328192K, 99% used [0x00000000c0000000,0x00000000d40343d0,0x00000000d4080000)
 Metaspace       used 57962K, committed 59392K, reserved 1114112K
  class space    used 5999K, committed 6656K, reserved 1048576K
}
Event: 35.139 GC heap after
{Heap after GC invocations=399 (full 4):
 PSYoungGen      total 9728K, used 4064K [0x00000000eab00000, 0x00000000ebb80000, 0x0000000100000000)
  eden space 5632K, 0% used [0x00000000eab00000,0x00000000eab00000,0x00000000eb080000)
  from space 4096K, 99% used [0x00000000eb100000,0x00000000eb4f8010,0x00000000eb500000)
  to   space 5632K, 0% used [0x00000000eb600000,0x00000000eb600000,0x00000000ebb80000)
 ParOldGen       total 329216K, used 328768K [0x00000000c0000000, 0x00000000d4180000, 0x00000000eab00000)
  object space 329216K, 99% used [0x00000000c0000000,0x00000000d41103d0,0x00000000d4180000)
 Metaspace       used 57962K, committed 59392K, reserved 1114112K
  class space    used 5999K, committed 6656K, reserved 1048576K
}
Event: 40.838 GC heap before
{Heap before GC invocations=400 (full 4):
 PSYoungGen      total 9728K, used 9689K [0x00000000eab00000, 0x00000000ebb80000, 0x0000000100000000)
  eden space 5632K, 99% used [0x00000000eab00000,0x00000000eb07e4f8,0x00000000eb080000)
  from space 4096K, 99% used [0x00000000eb100000,0x00000000eb4f8010,0x00000000eb500000)
  to   space 5632K, 0% used [0x00000000eb600000,0x00000000eb600000,0x00000000ebb80000)
 ParOldGen       total 329216K, used 328768K [0x00000000c0000000, 0x00000000d4180000, 0x00000000eab00000)
  object space 329216K, 99% used [0x00000000c0000000,0x00000000d41103d0,0x00000000d4180000)
 Metaspace       used 58186K, committed 59584K, reserved 1114112K
  class space    used 6011K, committed 6656K, reserved 1048576K
}
Event: 40.843 GC heap after
{Heap after GC invocations=400 (full 4):
 PSYoungGen      total 7168K, used 736K [0x00000000eab00000, 0x00000000eb700000, 0x0000000100000000)
  eden space 6144K, 0% used [0x00000000eab00000,0x00000000eab00000,0x00000000eb100000)
  from space 1024K, 71% used [0x00000000eb600000,0x00000000eb6b8000,0x00000000eb700000)
  to   space 2560K, 0% used [0x00000000eb200000,0x00000000eb200000,0x00000000eb480000)
 ParOldGen       total 332800K, used 332320K [0x00000000c0000000, 0x00000000d4500000, 0x00000000eab00000)
  object space 332800K, 99% used [0x00000000c0000000,0x00000000d44883d0,0x00000000d4500000)
 Metaspace       used 58186K, committed 59584K, reserved 1114112K
  class space    used 6011K, committed 6656K, reserved 1048576K
}
Event: 42.369 GC heap before
{Heap before GC invocations=401 (full 4):
 PSYoungGen      total 7168K, used 6880K [0x00000000eab00000, 0x00000000eb700000, 0x0000000100000000)
  eden space 6144K, 100% used [0x00000000eab00000,0x00000000eb100000,0x00000000eb100000)
  from space 1024K, 71% used [0x00000000eb600000,0x00000000eb6b8000,0x00000000eb700000)
  to   space 2560K, 0% used [0x00000000eb200000,0x00000000eb200000,0x00000000eb480000)
 ParOldGen       total 332800K, used 332320K [0x00000000c0000000, 0x00000000d4500000, 0x00000000eab00000)
  object space 332800K, 99% used [0x00000000c0000000,0x00000000d44883d0,0x00000000d4500000)
 Metaspace       used 58200K, committed 59584K, reserved 1114112K
  class space    used 6011K, committed 6656K, reserved 1048576K
}
Event: 42.371 GC heap after
{Heap after GC invocations=401 (full 4):
 PSYoungGen      total 9216K, used 1339K [0x00000000eab00000, 0x00000000eb680000, 0x0000000100000000)
  eden space 6656K, 0% used [0x00000000eab00000,0x00000000eab00000,0x00000000eb180000)
  from space 2560K, 52% used [0x00000000eb200000,0x00000000eb34ec08,0x00000000eb480000)
  to   space 1536K, 0% used [0x00000000eb500000,0x00000000eb500000,0x00000000eb680000)
 ParOldGen       total 332800K, used 332328K [0x00000000c0000000, 0x00000000d4500000, 0x00000000eab00000)
  object space 332800K, 99% used [0x00000000c0000000,0x00000000d448a3d0,0x00000000d4500000)
 Metaspace       used 58200K, committed 59584K, reserved 1114112K
  class space    used 6011K, committed 6656K, reserved 1048576K
}
Event: 42.425 GC heap before
{Heap before GC invocations=402 (full 4):
 PSYoungGen      total 9216K, used 7995K [0x00000000eab00000, 0x00000000eb680000, 0x0000000100000000)
  eden space 6656K, 100% used [0x00000000eab00000,0x00000000eb180000,0x00000000eb180000)
  from space 2560K, 52% used [0x00000000eb200000,0x00000000eb34ec08,0x00000000eb480000)
  to   space 1536K, 0% used [0x00000000eb500000,0x00000000eb500000,0x00000000eb680000)
 ParOldGen       total 332800K, used 332328K [0x00000000c0000000, 0x00000000d4500000, 0x00000000eab00000)
  object space 332800K, 99% used [0x00000000c0000000,0x00000000d448a3d0,0x00000000d4500000)
 Metaspace       used 58221K, committed 59648K, reserved 1114112K
  class space    used 6011K, committed 6656K, reserved 1048576K
}
Event: 42.428 GC heap after
{Heap after GC invocations=402 (full 4):
 PSYoungGen      total 8704K, used 1531K [0x00000000eab00000, 0x00000000eb680000, 0x0000000100000000)
  eden space 7168K, 0% used [0x00000000eab00000,0x00000000eab00000,0x00000000eb200000)
  from space 1536K, 99% used [0x00000000eb500000,0x00000000eb67ec08,0x00000000eb680000)
  to   space 2048K, 0% used [0x00000000eb280000,0x00000000eb280000,0x00000000eb480000)
 ParOldGen       total 332800K, used 332568K [0x00000000c0000000, 0x00000000d4500000, 0x00000000eab00000)
  object space 332800K, 99% used [0x00000000c0000000,0x00000000d44c63d0,0x00000000d4500000)
 Metaspace       used 58221K, committed 59648K, reserved 1114112K
  class space    used 6011K, committed 6656K, reserved 1048576K
}
Event: 42.599 GC heap before
{Heap before GC invocations=403 (full 4):
 PSYoungGen      total 8704K, used 8699K [0x00000000eab00000, 0x00000000eb680000, 0x0000000100000000)
  eden space 7168K, 100% used [0x00000000eab00000,0x00000000eb200000,0x00000000eb200000)
  from space 1536K, 99% used [0x00000000eb500000,0x00000000eb67ec08,0x00000000eb680000)
  to   space 2048K, 0% used [0x00000000eb280000,0x00000000eb280000,0x00000000eb480000)
 ParOldGen       total 332800K, used 332568K [0x00000000c0000000, 0x00000000d4500000, 0x00000000eab00000)
  object space 332800K, 99% used [0x00000000c0000000,0x00000000d44c63d0,0x00000000d4500000)
 Metaspace       used 58353K, committed 59712K, reserved 1114112K
  class space    used 6024K, committed 6656K, reserved 1048576K
}
Event: 42.602 GC heap after
{Heap after GC invocations=403 (full 4):
 PSYoungGen      total 8704K, used 928K [0x00000000eab00000, 0x00000000eb580000, 0x0000000100000000)
  eden space 7680K, 0% used [0x00000000eab00000,0x00000000eab00000,0x00000000eb280000)
  from space 1024K, 90% used [0x00000000eb280000,0x00000000eb368000,0x00000000eb380000)
  to   space 1536K, 0% used [0x00000000eb400000,0x00000000eb400000,0x00000000eb580000)
 ParOldGen       total 333824K, used 333712K [0x00000000c0000000, 0x00000000d4600000, 0x00000000eab00000)
  object space 333824K, 99% used [0x00000000c0000000,0x00000000d45e4148,0x00000000d4600000)
 Metaspace       used 58353K, committed 59712K, reserved 1114112K
  class space    used 6024K, committed 6656K, reserved 1048576K
}
Event: 42.831 GC heap before
{Heap before GC invocations=404 (full 4):
 PSYoungGen      total 8704K, used 8608K [0x00000000eab00000, 0x00000000eb580000, 0x0000000100000000)
  eden space 7680K, 100% used [0x00000000eab00000,0x00000000eb280000,0x00000000eb280000)
  from space 1024K, 90% used [0x00000000eb280000,0x00000000eb368000,0x00000000eb380000)
  to   space 1536K, 0% used [0x00000000eb400000,0x00000000eb400000,0x00000000eb580000)
 ParOldGen       total 333824K, used 333712K [0x00000000c0000000, 0x00000000d4600000, 0x00000000eab00000)
  object space 333824K, 99% used [0x00000000c0000000,0x00000000d45e4148,0x00000000d4600000)
 Metaspace       used 58570K, committed 59968K, reserved 1114112K
  class space    used 6052K, committed 6720K, reserved 1048576K
}
Event: 42.834 GC heap after
{Heap after GC invocations=404 (full 4):
 PSYoungGen      total 8704K, used 1522K [0x00000000eab00000, 0x00000000eb700000, 0x0000000100000000)
  eden space 7168K, 0% used [0x00000000eab00000,0x00000000eab00000,0x00000000eb200000)
  from space 1536K, 99% used [0x00000000eb400000,0x00000000eb57c928,0x00000000eb580000)
  to   space 2048K, 0% used [0x00000000eb200000,0x00000000eb200000,0x00000000eb400000)
 ParOldGen       total 334336K, used 334008K [0x00000000c0000000, 0x00000000d4680000, 0x00000000eab00000)
  object space 334336K, 99% used [0x00000000c0000000,0x00000000d462e148,0x00000000d4680000)
 Metaspace       used 58570K, committed 59968K, reserved 1114112K
  class space    used 6052K, committed 6720K, reserved 1048576K
}
Event: 42.877 GC heap before
{Heap before GC invocations=405 (full 4):
 PSYoungGen      total 8704K, used 8690K [0x00000000eab00000, 0x00000000eb700000, 0x0000000100000000)
  eden space 7168K, 100% used [0x00000000eab00000,0x00000000eb200000,0x00000000eb200000)
  from space 1536K, 99% used [0x00000000eb400000,0x00000000eb57c928,0x00000000eb580000)
  to   space 2048K, 0% used [0x00000000eb200000,0x00000000eb200000,0x00000000eb400000)
 ParOldGen       total 334336K, used 334008K [0x00000000c0000000, 0x00000000d4680000, 0x00000000eab00000)
  object space 334336K, 99% used [0x00000000c0000000,0x00000000d462e148,0x00000000d4680000)
 Metaspace       used 58583K, committed 60032K, reserved 1114112K
  class space    used 6052K, committed 6720K, reserved 1048576K
}
Event: 42.880 GC heap after
{Heap after GC invocations=405 (full 4):
 PSYoungGen      total 9216K, used 1810K [0x00000000eab00000, 0x00000000eb680000, 0x0000000100000000)
  eden space 7168K, 0% used [0x00000000eab00000,0x00000000eab00000,0x00000000eb200000)
  from space 2048K, 88% used [0x00000000eb200000,0x00000000eb3c4928,0x00000000eb400000)
  to   space 2048K, 0% used [0x00000000eb480000,0x00000000eb480000,0x00000000eb680000)
 ParOldGen       total 334848K, used 334710K [0x00000000c0000000, 0x00000000d4700000, 0x00000000eab00000)
  object space 334848K, 99% used [0x00000000c0000000,0x00000000d46dd8c8,0x00000000d4700000)
 Metaspace       used 58583K, committed 60032K, reserved 1114112K
  class space    used 6052K, committed 6720K, reserved 1048576K
}
Event: 42.923 GC heap before
{Heap before GC invocations=406 (full 4):
 PSYoungGen      total 9216K, used 8978K [0x00000000eab00000, 0x00000000eb680000, 0x0000000100000000)
  eden space 7168K, 100% used [0x00000000eab00000,0x00000000eb200000,0x00000000eb200000)
  from space 2048K, 88% used [0x00000000eb200000,0x00000000eb3c4928,0x00000000eb400000)
  to   space 2048K, 0% used [0x00000000eb480000,0x00000000eb480000,0x00000000eb680000)
 ParOldGen       total 334848K, used 334710K [0x00000000c0000000, 0x00000000d4700000, 0x00000000eab00000)
  object space 334848K, 99% used [0x00000000c0000000,0x00000000d46dd8c8,0x00000000d4700000)
 Metaspace       used 58605K, committed 60032K, reserved 1114112K
  class space    used 6053K, committed 6720K, reserved 1048576K
}
Event: 42.926 GC heap after
{Heap after GC invocations=406 (full 4):
 PSYoungGen      total 9216K, used 2024K [0x00000000eab00000, 0x00000000eb780000, 0x0000000100000000)
  eden space 7168K, 0% used [0x00000000eab00000,0x00000000eab00000,0x00000000eb200000)
  from space 2048K, 98% used [0x00000000eb480000,0x00000000eb67a130,0x00000000eb680000)
  to   space 2560K, 0% used [0x00000000eb200000,0x00000000eb200000,0x00000000eb480000)
 ParOldGen       total 335360K, used 335026K [0x00000000c0000000, 0x00000000d4780000, 0x00000000eab00000)
  object space 335360K, 99% used [0x00000000c0000000,0x00000000d472c8d8,0x00000000d4780000)
 Metaspace       used 58605K, committed 60032K, reserved 1114112K
  class space    used 6053K, committed 6720K, reserved 1048576K
}
Event: 42.963 GC heap before
{Heap before GC invocations=407 (full 4):
 PSYoungGen      total 9216K, used 9192K [0x00000000eab00000, 0x00000000eb780000, 0x0000000100000000)
  eden space 7168K, 100% used [0x00000000eab00000,0x00000000eb200000,0x00000000eb200000)
  from space 2048K, 98% used [0x00000000eb480000,0x00000000eb67a130,0x00000000eb680000)
  to   space 2560K, 0% used [0x00000000eb200000,0x00000000eb200000,0x00000000eb480000)
 ParOldGen       total 335360K, used 335026K [0x00000000c0000000, 0x00000000d4780000, 0x00000000eab00000)
  object space 335360K, 99% used [0x00000000c0000000,0x00000000d472c8d8,0x00000000d4780000)
 Metaspace       used 58610K, committed 60032K, reserved 1114112K
  class space    used 6053K, committed 6720K, reserved 1048576K
}
Event: 42.966 GC heap after
{Heap after GC invocations=407 (full 4):
 PSYoungGen      total 9728K, used 1718K [0x00000000eab00000, 0x00000000eb680000, 0x0000000100000000)
  eden space 7168K, 0% used [0x00000000eab00000,0x00000000eab00000,0x00000000eb200000)
  from space 2560K, 67% used [0x00000000eb200000,0x00000000eb3ad808,0x00000000eb480000)
  to   space 2048K, 0% used [0x00000000eb480000,0x00000000eb480000,0x00000000eb680000)
 ParOldGen       total 336384K, used 336379K [0x00000000c0000000, 0x00000000d4880000, 0x00000000eab00000)
  object space 336384K, 99% used [0x00000000c0000000,0x00000000d487ef10,0x00000000d4880000)
 Metaspace       used 58610K, committed 60032K, reserved 1114112K
  class space    used 6053K, committed 6720K, reserved 1048576K
}
Event: 43.055 GC heap before
{Heap before GC invocations=408 (full 4):
 PSYoungGen      total 9728K, used 8874K [0x00000000eab00000, 0x00000000eb680000, 0x0000000100000000)
  eden space 7168K, 99% used [0x00000000eab00000,0x00000000eb1fd0e8,0x00000000eb200000)
  from space 2560K, 67% used [0x00000000eb200000,0x00000000eb3ad808,0x00000000eb480000)
  to   space 2048K, 0% used [0x00000000eb480000,0x00000000eb480000,0x00000000eb680000)
 ParOldGen       total 336384K, used 336379K [0x00000000c0000000, 0x00000000d4880000, 0x00000000eab00000)
  object space 336384K, 99% used [0x00000000c0000000,0x00000000d487ef10,0x00000000d4880000)
 Metaspace       used 58628K, committed 60032K, reserved 1114112K
  class space    used 6053K, committed 6720K, reserved 1048576K
}
Event: 43.057 GC heap after
{Heap after GC invocations=408 (full 4):
 PSYoungGen      total 9216K, used 2038K [0x00000000eab00000, 0x00000000eb780000, 0x0000000100000000)
  eden space 7168K, 0% used [0x00000000eab00000,0x00000000eab00000,0x00000000eb200000)
  from space 2048K, 99% used [0x00000000eb480000,0x00000000eb67d808,0x00000000eb680000)
  to   space 2560K, 0% used [0x00000000eb200000,0x00000000eb200000,0x00000000eb480000)
 ParOldGen       total 336896K, used 336539K [0x00000000c0000000, 0x00000000d4900000, 0x00000000eab00000)
  object space 336896K, 99% used [0x00000000c0000000,0x00000000d48a6f10,0x00000000d4900000)
 Metaspace       used 58628K, committed 60032K, reserved 1114112K
  class space    used 6053K, committed 6720K, reserved 1048576K
}

Dll operation events (10 events):
Event: 0.020 Loaded shared library c:\Users\Prajj\.vscode\extensions\redhat.java-1.41.1-win32-x64\jre\21.0.6-win32-x86_64\bin\java.dll
Event: 0.082 Loaded shared library c:\Users\Prajj\.vscode\extensions\redhat.java-1.41.1-win32-x64\jre\21.0.6-win32-x86_64\bin\zip.dll
Event: 0.102 Loaded shared library C:\Users\Prajj\.vscode\extensions\redhat.java-1.41.1-win32-x64\jre\21.0.6-win32-x86_64\bin\instrument.dll
Event: 0.107 Loaded shared library C:\Users\Prajj\.vscode\extensions\redhat.java-1.41.1-win32-x64\jre\21.0.6-win32-x86_64\bin\net.dll
Event: 0.110 Loaded shared library C:\Users\Prajj\.vscode\extensions\redhat.java-1.41.1-win32-x64\jre\21.0.6-win32-x86_64\bin\nio.dll
Event: 0.112 Loaded shared library C:\Users\Prajj\.vscode\extensions\redhat.java-1.41.1-win32-x64\jre\21.0.6-win32-x86_64\bin\zip.dll
Event: 0.133 Loaded shared library C:\Users\Prajj\.vscode\extensions\redhat.java-1.41.1-win32-x64\jre\21.0.6-win32-x86_64\bin\jimage.dll
Event: 0.203 Loaded shared library c:\Users\Prajj\.vscode\extensions\redhat.java-1.41.1-win32-x64\jre\21.0.6-win32-x86_64\bin\verify.dll
Event: 2.375 Loaded shared library C:\Users\Prajj\AppData\Roaming\Code\User\globalStorage\redhat.java\1.41.1\config_win\org.eclipse.equinox.launcher\org.eclipse.equinox.launcher.win32.win32.x86_64_1.2.1300.v20250331-1702\eclipse_11911.dll
Event: 4.602 Loaded shared library C:\Users\Prajj\AppData\Local\Temp\jna-77374463\jna5926870923125980980.dll

Deoptimization events (20 events):
Event: 42.970 Thread 0x000002000c180f50 Uncommon trap: trap_request=0xffffff45 fr.pc=0x000001ffb7611748 relative=0x0000000000000368
Event: 42.970 Thread 0x000002000c180f50 Uncommon trap: reason=unstable_if action=reinterpret pc=0x000001ffb7611748 method=java.lang.String.regionMatches(ZILjava/lang/String;II)Z @ 21 c2
Event: 42.970 Thread 0x000002000c180f50 DEOPT PACKING pc=0x000001ffb7611748 sp=0x000000d438efe530
Event: 42.970 Thread 0x000002000c180f50 DEOPT UNPACKING pc=0x000001ffb6df3aa2 sp=0x000000d438efe4c8 mode 2
Event: 42.971 Thread 0x0000020009033b80 Uncommon trap: trap_request=0xffffffe4 fr.pc=0x000001ffb7681bb8 relative=0x0000000000005798
Event: 42.971 Thread 0x0000020009033b80 Uncommon trap: reason=range_check action=make_not_entrant pc=0x000001ffb7681bb8 method=org.eclipse.jdt.internal.compiler.classfmt.ClassFileStruct.u2At(I)I @ 28 c2
Event: 42.971 Thread 0x0000020009033b80 DEOPT PACKING pc=0x000001ffb7681bb8 sp=0x000000d4358feaf0
Event: 42.971 Thread 0x0000020009033b80 DEOPT UNPACKING pc=0x000001ffb6df3aa2 sp=0x000000d4358fea18 mode 2
Event: 42.992 Thread 0x000002000c1836b0 Uncommon trap: trap_request=0xffffff45 fr.pc=0x000001ffb78b1a0c relative=0x0000000000001d6c
Event: 42.992 Thread 0x000002000c181c70 Uncommon trap: trap_request=0xffffff45 fr.pc=0x000001ffb78b1a0c relative=0x0000000000001d6c
Event: 42.992 Thread 0x000002000c1836b0 Uncommon trap: reason=unstable_if action=reinterpret pc=0x000001ffb78b1a0c method=org.codehaus.plexus.util.xml.pull.MXParser.isS(C)Z @ 21 c2
Event: 42.992 Thread 0x000002000c181c70 Uncommon trap: reason=unstable_if action=reinterpret pc=0x000001ffb78b1a0c method=org.codehaus.plexus.util.xml.pull.MXParser.isS(C)Z @ 21 c2
Event: 42.992 Thread 0x000002000c1836b0 DEOPT PACKING pc=0x000001ffb78b1a0c sp=0x000000d438bfdea0
Event: 42.992 Thread 0x000002000c1836b0 DEOPT UNPACKING pc=0x000001ffb6df3aa2 sp=0x000000d438bfddd8 mode 2
Event: 42.992 Thread 0x000002000c181c70 DEOPT PACKING pc=0x000001ffb78b1a0c sp=0x000000d438cfdff0
Event: 42.992 Thread 0x000002000c181c70 DEOPT UNPACKING pc=0x000001ffb6df3aa2 sp=0x000000d438cfdf28 mode 2
Event: 43.054 Thread 0x0000020009033b80 Uncommon trap: trap_request=0xffffff45 fr.pc=0x000001ffb7599e7c relative=0x0000000000000f9c
Event: 43.054 Thread 0x0000020009033b80 Uncommon trap: reason=unstable_if action=reinterpret pc=0x000001ffb7599e7c method=org.eclipse.jdt.internal.core.index.DiskIndex.writeDocumentNumbers([ILjava/io/OutputStream;)V @ 20 c2
Event: 43.054 Thread 0x0000020009033b80 DEOPT PACKING pc=0x000001ffb7599e7c sp=0x000000d4358fe990
Event: 43.054 Thread 0x0000020009033b80 DEOPT UNPACKING pc=0x000001ffb6df3aa2 sp=0x000000d4358fe968 mode 2

Classes loaded (20 events):
Event: 37.004 Loading class sun/util/locale/provider/TimeZoneNameProviderImpl done
Event: 37.004 Loading class sun/util/cldr/CLDRTimeZoneNameProviderImpl done
Event: 37.006 Loading class sun/util/resources/cldr/TimeZoneNames
Event: 37.006 Loading class sun/util/resources/TimeZoneNamesBundle
Event: 37.006 Loading class sun/util/resources/OpenListResourceBundle
Event: 37.006 Loading class sun/util/resources/OpenListResourceBundle done
Event: 37.006 Loading class sun/util/resources/TimeZoneNamesBundle done
Event: 37.006 Loading class sun/util/resources/cldr/TimeZoneNames done
Event: 37.007 Loading class sun/util/resources/cldr/TimeZoneNames_en
Event: 37.008 Loading class sun/util/resources/cldr/TimeZoneNames_en done
Event: 37.008 Loading class sun/util/resources/cldr/TimeZoneNames_en_US
Event: 37.008 Loading class sun/util/resources/cldr/TimeZoneNames_en_US done
Event: 37.009 Loading class sun/util/cldr/CLDRBaseLocaleDataMetaInfo$TZCanonicalIDMapHolder
Event: 37.010 Loading class sun/util/cldr/CLDRBaseLocaleDataMetaInfo$TZCanonicalIDMapHolder done
Event: 37.012 Loading class sun/util/resources/TimeZoneNames
Event: 37.013 Loading class sun/util/resources/TimeZoneNames done
Event: 37.013 Loading class sun/util/resources/TimeZoneNames_en
Event: 37.013 Loading class sun/util/resources/TimeZoneNames_en done
Event: 42.905 Loading class sun/nio/cs/ISO_8859_1$Decoder
Event: 42.905 Loading class sun/nio/cs/ISO_8859_1$Decoder done

Classes unloaded (7 events):
Event: 5.722 Thread 0x000001ffc0a54960 Unloading class 0x000001ffc2199c00 'java/lang/invoke/LambdaForm$MH+0x000001ffc2199c00'
Event: 5.722 Thread 0x000001ffc0a54960 Unloading class 0x000001ffc2199800 'java/lang/invoke/LambdaForm$MH+0x000001ffc2199800'
Event: 5.722 Thread 0x000001ffc0a54960 Unloading class 0x000001ffc2199400 'java/lang/invoke/LambdaForm$MH+0x000001ffc2199400'
Event: 5.722 Thread 0x000001ffc0a54960 Unloading class 0x000001ffc2199000 'java/lang/invoke/LambdaForm$MH+0x000001ffc2199000'
Event: 5.722 Thread 0x000001ffc0a54960 Unloading class 0x000001ffc2198c00 'java/lang/invoke/LambdaForm$BMH+0x000001ffc2198c00'
Event: 5.722 Thread 0x000001ffc0a54960 Unloading class 0x000001ffc2198800 'java/lang/invoke/LambdaForm$DMH+0x000001ffc2198800'
Event: 5.722 Thread 0x000001ffc0a54960 Unloading class 0x000001ffc2197400 'java/lang/invoke/LambdaForm$DMH+0x000001ffc2197400'

Classes redefined (0 events):
No events

Internal exceptions (20 events):
Event: 15.524 Thread 0x00000200093cf3a0 Implicit null exception at 0x000001ffb7548146 to 0x000001ffb754818f
Event: 15.524 Thread 0x00000200093cf3a0 Implicit null exception at 0x000001ffb777bb63 to 0x000001ffb777c18c
Event: 16.604 Thread 0x0000020009036970 Exception <a 'sun/nio/fs/WindowsException'{0x00000000ead78b68}> (0x00000000ead78b68) 
thrown [s\src\hotspot\share\prims\jni.cpp, line 520]
Event: 16.605 Thread 0x000002000a452ff0 Exception <a 'sun/nio/fs/WindowsException'{0x00000000eadc5998}> (0x00000000eadc5998) 
thrown [s\src\hotspot\share\prims\jni.cpp, line 520]
Event: 16.607 Thread 0x00000200090348a0 Exception <a 'sun/nio/fs/WindowsException'{0x00000000eae14668}> (0x00000000eae14668) 
thrown [s\src\hotspot\share\prims\jni.cpp, line 520]
Event: 16.806 Thread 0x0000020009036970 Exception <a 'sun/nio/fs/WindowsException'{0x00000000eadc31a0}> (0x00000000eadc31a0) 
thrown [s\src\hotspot\share\prims\jni.cpp, line 520]
Event: 16.806 Thread 0x0000020009036970 Exception <a 'sun/nio/fs/WindowsException'{0x00000000eadc39f0}> (0x00000000eadc39f0) 
thrown [s\src\hotspot\share\prims\jni.cpp, line 520]
Event: 17.619 Thread 0x0000020009036970 Exception <a 'java/lang/NoSuchMethodError'{0x00000000eac7fcb0}: 'void java.lang.invoke.DirectMethodHandle$Holder.invokeStatic(java.lang.Object, java.lang.Object, java.lang.Object, int)'> (0x00000000eac7fcb0) 
thrown [s\src\hotspot\share\interpreter\linkResolver.cpp, line 773]
Event: 17.665 Thread 0x0000020009036970 Exception <a 'java/lang/NoSuchMethodError'{0x00000000eacb9bf0}: 'void java.lang.invoke.DirectMethodHandle$Holder.invokeVirtual(java.lang.Object, java.lang.Object, int)'> (0x00000000eacb9bf0) 
thrown [s\src\hotspot\share\interpreter\linkResolver.cpp, line 773]
Event: 17.665 Thread 0x0000020009036970 Implicit null exception at 0x000001ffb761a503 to 0x000001ffb761a784
Event: 36.197 Thread 0x0000020009033b80 Exception <a 'sun/nio/fs/WindowsException'{0x00000000eaca5b98}> (0x00000000eaca5b98) 
thrown [s\src\hotspot\share\prims\jni.cpp, line 520]
Event: 38.418 Thread 0x0000020009033b80 Exception <a 'sun/nio/fs/WindowsException'{0x00000000eaee2fe0}> (0x00000000eaee2fe0) 
thrown [s\src\hotspot\share\prims\jni.cpp, line 520]
Event: 39.120 Thread 0x0000020009033b80 Exception <a 'sun/nio/fs/WindowsException'{0x00000000eaf46b50}> (0x00000000eaf46b50) 
thrown [s\src\hotspot\share\prims\jni.cpp, line 520]
Event: 39.997 Thread 0x0000020009033b80 Exception <a 'sun/nio/fs/WindowsException'{0x00000000eb029e10}> (0x00000000eb029e10) 
thrown [s\src\hotspot\share\prims\jni.cpp, line 520]
Event: 42.622 Thread 0x0000020009036970 Exception <a 'java/lang/NoSuchMethodError'{0x00000000ead304a8}: 'void java.lang.invoke.DirectMethodHandle$Holder.invokeInterface(java.lang.Object, java.lang.Object)'> (0x00000000ead304a8) 
thrown [s\src\hotspot\share\interpreter\linkResolver.cpp, line 773]
Event: 42.646 Thread 0x000002000c1836b0 Exception <a 'java/lang/NoSuchMethodError'{0x00000000eae10f40}: 'void java.lang.invoke.DirectMethodHandle$Holder.invokeSpecial(java.lang.Object, java.lang.Object, java.lang.Object, java.lang.Object, java.lang.Object, java.lang.Object, java.lang.Object, java.lang.Object)'> (0x00000000eae10f40) 
thrown [s\src\hotspot\share\interpreter\linkResolver.cpp, line 773]
Event: 42.791 Thread 0x0000020009033b80 Exception <a 'sun/nio/fs/WindowsException'{0x00000000eafe96b8}> (0x00000000eafe96b8) 
thrown [s\src\hotspot\share\prims\jni.cpp, line 520]
Event: 42.889 Thread 0x000002000c1843d0 Implicit null exception at 0x000001ffb76e2963 to 0x000001ffb76e2d74
Event: 43.018 Thread 0x0000020009033b80 Exception <a 'sun/nio/fs/WindowsException'{0x00000000eae32430}> (0x00000000eae32430) 
thrown [s\src\hotspot\share\prims\jni.cpp, line 520]
Event: 43.078 Thread 0x0000020009033b80 Exception <a 'sun/nio/fs/WindowsException'{0x00000000eab04cd0}> (0x00000000eab04cd0) 
thrown [s\src\hotspot\share\prims\jni.cpp, line 520]

ZGC Phase Switch (0 events):
No events

VM Operations (20 events):
Event: 40.433 Executing VM operation: Cleanup done
Event: 40.838 Executing VM operation: ParallelGCFailedAllocation (Allocation Failure)
Event: 40.844 Executing VM operation: ParallelGCFailedAllocation (Allocation Failure) done
Event: 41.560 Executing VM operation: ParallelGCFailedAllocation (Allocation Failure)
Event: 42.371 Executing VM operation: ParallelGCFailedAllocation (Allocation Failure) done
Event: 42.425 Executing VM operation: ParallelGCFailedAllocation (Allocation Failure)
Event: 42.428 Executing VM operation: ParallelGCFailedAllocation (Allocation Failure) done
Event: 42.599 Executing VM operation: ParallelGCFailedAllocation (Allocation Failure)
Event: 42.602 Executing VM operation: ParallelGCFailedAllocation (Allocation Failure) done
Event: 42.831 Executing VM operation: ParallelGCFailedAllocation (Allocation Failure)
Event: 42.834 Executing VM operation: ParallelGCFailedAllocation (Allocation Failure) done
Event: 42.877 Executing VM operation: ParallelGCFailedAllocation (Allocation Failure)
Event: 42.880 Executing VM operation: ParallelGCFailedAllocation (Allocation Failure) done
Event: 42.923 Executing VM operation: ParallelGCFailedAllocation (Allocation Failure)
Event: 42.926 Executing VM operation: ParallelGCFailedAllocation (Allocation Failure) done
Event: 42.963 Executing VM operation: ParallelGCFailedAllocation (Allocation Failure)
Event: 42.966 Executing VM operation: ParallelGCFailedAllocation (Allocation Failure) done
Event: 43.055 Executing VM operation: ParallelGCFailedAllocation (Allocation Failure)
Event: 43.057 Executing VM operation: ParallelGCFailedAllocation (Allocation Failure) done
Event: 44.058 Executing VM operation: Cleanup

Memory protections (0 events):
No events

Nmethod flushes (20 events):
Event: 21.755 Thread 0x000001ffc0a54960 flushing  nmethod 0x000001ffb080ba90
Event: 21.755 Thread 0x000001ffc0a54960 flushing osr nmethod 0x000001ffb0967810
Event: 21.755 Thread 0x000001ffc0a54960 flushing  nmethod 0x000001ffb0968a10
Event: 21.755 Thread 0x000001ffc0a54960 flushing  nmethod 0x000001ffb0968f10
Event: 21.755 Thread 0x000001ffc0a54960 flushing  nmethod 0x000001ffb0970910
Event: 21.755 Thread 0x000001ffc0a54960 flushing  nmethod 0x000001ffb0971490
Event: 21.755 Thread 0x000001ffc0a54960 flushing  nmethod 0x000001ffb0982d90
Event: 21.755 Thread 0x000001ffc0a54960 flushing  nmethod 0x000001ffb0986910
Event: 21.755 Thread 0x000001ffc0a54960 flushing  nmethod 0x000001ffb0988390
Event: 21.755 Thread 0x000001ffc0a54960 flushing  nmethod 0x000001ffb098a210
Event: 21.755 Thread 0x000001ffc0a54960 flushing  nmethod 0x000001ffb098a890
Event: 21.755 Thread 0x000001ffc0a54960 flushing  nmethod 0x000001ffb0a44d90
Event: 21.755 Thread 0x000001ffc0a54960 flushing  nmethod 0x000001ffb0a4a690
Event: 21.755 Thread 0x000001ffc0a54960 flushing  nmethod 0x000001ffb0a51790
Event: 21.755 Thread 0x000001ffc0a54960 flushing  nmethod 0x000001ffb0a51b90
Event: 21.755 Thread 0x000001ffc0a54960 flushing  nmethod 0x000001ffb0a55310
Event: 21.755 Thread 0x000001ffc0a54960 flushing  nmethod 0x000001ffb0a64210
Event: 21.755 Thread 0x000001ffc0a54960 flushing  nmethod 0x000001ffb0a66290
Event: 21.755 Thread 0x000001ffc0a54960 flushing  nmethod 0x000001ffb0a89490
Event: 21.755 Thread 0x000001ffc0a54960 flushing  nmethod 0x000001ffb0acd110

Events (20 events):
Event: 15.508 Thread 0x0000020009036970 Thread added: 0x000002000c183020
Event: 15.509 Thread 0x0000020009036970 Thread added: 0x000002000c182300
Event: 15.522 Thread 0x0000020009036970 Thread added: 0x000002000c17fba0
Event: 15.573 Thread 0x0000020009036970 Thread added: 0x000002000c1808c0
Event: 18.116 Thread 0x00000200031d3a00 Thread exited: 0x00000200031d3a00
Event: 19.964 Thread 0x00000200031da5e0 Thread exited: 0x00000200031da5e0
Event: 25.853 Thread 0x000001ffac7398c0 Thread added: 0x0000020011195010
Event: 26.200 Thread 0x0000020011195010 Thread exited: 0x0000020011195010
Event: 26.413 Thread 0x000001ffac734660 Thread added: 0x0000020011195010
Event: 26.653 Thread 0x0000020011195010 Thread exited: 0x0000020011195010
Event: 35.100 Thread 0x000001ffac7398c0 Thread added: 0x0000020011195010
Event: 35.996 Thread 0x0000020011195010 Thread exited: 0x0000020011195010
Event: 41.046 Thread 0x000001ffac734660 Thread added: 0x0000020011195010
Event: 41.264 Thread 0x0000020011195010 Thread exited: 0x0000020011195010
Event: 41.268 Thread 0x000001ffac7398c0 Thread added: 0x0000020011195010
Event: 42.638 Thread 0x0000020009036970 Thread added: 0x000002000c183d40
Event: 42.638 Thread 0x0000020009036970 Thread added: 0x000002000c1836b0
Event: 42.638 Thread 0x0000020009036970 Thread added: 0x000002000c181c70
Event: 42.638 Thread 0x0000020009036970 Thread added: 0x000002000c1843d0
Event: 42.639 Thread 0x0000020009036970 Thread added: 0x000002000c180f50


Dynamic libraries:
0x00007ff687850000 - 0x00007ff68785e000 	c:\Users\Prajj\.vscode\extensions\redhat.java-1.41.1-win32-x64\jre\21.0.6-win32-x86_64\bin\java.exe
0x00007ffdb6620000 - 0x00007ffdb6886000 	C:\WINDOWS\SYSTEM32\ntdll.dll
0x00007ffdb57d0000 - 0x00007ffdb5899000 	C:\WINDOWS\System32\KERNEL32.DLL
0x00007ffdb37b0000 - 0x00007ffdb3b7c000 	C:\WINDOWS\System32\KERNELBASE.dll
0x00007ffdb3b80000 - 0x00007ffdb3ccb000 	C:\WINDOWS\System32\ucrtbase.dll
0x00007ffd92bb0000 - 0x00007ffd92bce000 	c:\Users\Prajj\.vscode\extensions\redhat.java-1.41.1-win32-x64\jre\21.0.6-win32-x86_64\bin\VCRUNTIME140.dll
0x00007ffd924f0000 - 0x00007ffd92508000 	c:\Users\Prajj\.vscode\extensions\redhat.java-1.41.1-win32-x64\jre\21.0.6-win32-x86_64\bin\jli.dll
0x00007ffdb4460000 - 0x00007ffdb462a000 	C:\WINDOWS\System32\USER32.dll
0x00007ffdb3f80000 - 0x00007ffdb3fa7000 	C:\WINDOWS\System32\win32u.dll
0x00007ffd93d60000 - 0x00007ffd93ffa000 	C:\WINDOWS\WinSxS\amd64_microsoft.windows.common-controls_6595b64144ccf1df_6.0.26100.3912_none_3e07963ce335137e\COMCTL32.dll
0x00007ffdb62a0000 - 0x00007ffdb62cb000 	C:\WINDOWS\System32\GDI32.dll
0x00007ffdb62d0000 - 0x00007ffdb6379000 	C:\WINDOWS\System32\msvcrt.dll
0x00007ffdb3cd0000 - 0x00007ffdb3e02000 	C:\WINDOWS\System32\gdi32full.dll
0x00007ffdb3ed0000 - 0x00007ffdb3f73000 	C:\WINDOWS\System32\msvcp_win.dll
0x00007ffdb4750000 - 0x00007ffdb4780000 	C:\WINDOWS\System32\IMM32.DLL
0x00007ffdada10000 - 0x00007ffdada1c000 	c:\Users\Prajj\.vscode\extensions\redhat.java-1.41.1-win32-x64\jre\21.0.6-win32-x86_64\bin\vcruntime140_1.dll
0x00007ffd53780000 - 0x00007ffd5380d000 	c:\Users\Prajj\.vscode\extensions\redhat.java-1.41.1-win32-x64\jre\21.0.6-win32-x86_64\bin\msvcp140.dll
0x00007ffd01a70000 - 0x00007ffd02800000 	c:\Users\Prajj\.vscode\extensions\redhat.java-1.41.1-win32-x64\jre\21.0.6-win32-x86_64\bin\server\jvm.dll
0x00007ffdb5e60000 - 0x00007ffdb5f12000 	C:\WINDOWS\System32\ADVAPI32.dll
0x00007ffdb5db0000 - 0x00007ffdb5e56000 	C:\WINDOWS\System32\sechost.dll
0x00007ffdb6070000 - 0x00007ffdb6186000 	C:\WINDOWS\System32\RPCRT4.dll
0x00007ffdb43e0000 - 0x00007ffdb4454000 	C:\WINDOWS\System32\WS2_32.dll
0x00007ffdb3600000 - 0x00007ffdb365e000 	C:\WINDOWS\SYSTEM32\POWRPROF.dll
0x00007ffd9fa00000 - 0x00007ffd9fa0b000 	C:\WINDOWS\SYSTEM32\VERSION.dll
0x00007ffda6c20000 - 0x00007ffda6c56000 	C:\WINDOWS\SYSTEM32\WINMM.dll
0x00007ffdb35e0000 - 0x00007ffdb35f4000 	C:\WINDOWS\SYSTEM32\UMPDC.dll
0x00007ffdb2570000 - 0x00007ffdb258a000 	C:\WINDOWS\SYSTEM32\kernel.appcore.dll
0x00007ffd98440000 - 0x00007ffd9844a000 	c:\Users\Prajj\.vscode\extensions\redhat.java-1.41.1-win32-x64\jre\21.0.6-win32-x86_64\bin\jimage.dll
0x00007ffdb0f40000 - 0x00007ffdb1181000 	C:\WINDOWS\SYSTEM32\DBGHELP.DLL
0x00007ffdb4f40000 - 0x00007ffdb52c4000 	C:\WINDOWS\System32\combase.dll
0x00007ffdb64f0000 - 0x00007ffdb65d0000 	C:\WINDOWS\System32\OLEAUT32.dll
0x00007ffd8e5a0000 - 0x00007ffd8e5d9000 	C:\WINDOWS\SYSTEM32\dbgcore.DLL
0x00007ffdb4340000 - 0x00007ffdb43d9000 	C:\WINDOWS\System32\bcryptPrimitives.dll
0x00007ffd97ed0000 - 0x00007ffd97edf000 	c:\Users\Prajj\.vscode\extensions\redhat.java-1.41.1-win32-x64\jre\21.0.6-win32-x86_64\bin\instrument.dll
0x00007ffd8cda0000 - 0x00007ffd8cdbf000 	c:\Users\Prajj\.vscode\extensions\redhat.java-1.41.1-win32-x64\jre\21.0.6-win32-x86_64\bin\java.dll
0x00007ffdb4810000 - 0x00007ffdb4f3d000 	C:\WINDOWS\System32\SHELL32.dll
0x00007ffdb3fb0000 - 0x00007ffdb4124000 	C:\WINDOWS\System32\wintypes.dll
0x00007ffdb13f0000 - 0x00007ffdb1c46000 	C:\WINDOWS\SYSTEM32\windows.storage.dll
0x00007ffdb4630000 - 0x00007ffdb471f000 	C:\WINDOWS\System32\SHCORE.dll
0x00007ffdb5760000 - 0x00007ffdb57c9000 	C:\WINDOWS\System32\shlwapi.dll
0x00007ffdb36c0000 - 0x00007ffdb36ef000 	C:\WINDOWS\SYSTEM32\profapi.dll
0x00007ffd84160000 - 0x00007ffd84178000 	c:\Users\Prajj\.vscode\extensions\redhat.java-1.41.1-win32-x64\jre\21.0.6-win32-x86_64\bin\zip.dll
0x00007ffd92f50000 - 0x00007ffd92f60000 	C:\Users\Prajj\.vscode\extensions\redhat.java-1.41.1-win32-x64\jre\21.0.6-win32-x86_64\bin\net.dll
0x00007ffda60b0000 - 0x00007ffda61ce000 	C:\WINDOWS\SYSTEM32\WINHTTP.dll
0x00007ffdb2ae0000 - 0x00007ffdb2b4a000 	C:\WINDOWS\system32\mswsock.dll
0x00007ffd67340000 - 0x00007ffd67356000 	C:\Users\Prajj\.vscode\extensions\redhat.java-1.41.1-win32-x64\jre\21.0.6-win32-x86_64\bin\nio.dll
0x00007ffd935e0000 - 0x00007ffd935f0000 	c:\Users\Prajj\.vscode\extensions\redhat.java-1.41.1-win32-x64\jre\21.0.6-win32-x86_64\bin\verify.dll
0x00007ffd65e50000 - 0x00007ffd65e95000 	C:\Users\Prajj\AppData\Roaming\Code\User\globalStorage\redhat.java\1.41.1\config_win\org.eclipse.equinox.launcher\org.eclipse.equinox.launcher.win32.win32.x86_64_1.2.1300.v20250331-1702\eclipse_11911.dll
0x00007ffdb5360000 - 0x00007ffdb54ff000 	C:\WINDOWS\System32\ole32.dll
0x00007ffdb2d80000 - 0x00007ffdb2d9c000 	C:\WINDOWS\SYSTEM32\CRYPTSP.dll
0x00007ffdb24d0000 - 0x00007ffdb250a000 	C:\WINDOWS\system32\rsaenh.dll
0x00007ffdb2b80000 - 0x00007ffdb2bab000 	C:\WINDOWS\SYSTEM32\USERENV.dll
0x00007ffdb3690000 - 0x00007ffdb36b6000 	C:\WINDOWS\SYSTEM32\bcrypt.dll
0x00007ffdb2da0000 - 0x00007ffdb2dac000 	C:\WINDOWS\SYSTEM32\CRYPTBASE.dll
0x00007ffdb1fb0000 - 0x00007ffdb1fe3000 	C:\WINDOWS\SYSTEM32\IPHLPAPI.DLL
0x00007ffdb6060000 - 0x00007ffdb606a000 	C:\WINDOWS\System32\NSI.dll
0x00007ffd4be90000 - 0x00007ffd4bed9000 	C:\Users\Prajj\AppData\Local\Temp\jna-77374463\jna5926870923125980980.dll
0x00007ffdb6290000 - 0x00007ffdb6298000 	C:\WINDOWS\System32\PSAPI.DLL
0x00007ffda8e40000 - 0x00007ffda8e5f000 	C:\WINDOWS\SYSTEM32\dhcpcsvc6.DLL
0x00007ffda8e10000 - 0x00007ffda8e35000 	C:\WINDOWS\SYSTEM32\dhcpcsvc.DLL

dbghelp: loaded successfully - version: 4.0.5 - missing functions: none
symbol engine: initialized successfully - sym options: 0x614 - pdb path: .;c:\Users\Prajj\.vscode\extensions\redhat.java-1.41.1-win32-x64\jre\21.0.6-win32-x86_64\bin;C:\WINDOWS\SYSTEM32;C:\WINDOWS\WinSxS\amd64_microsoft.windows.common-controls_6595b64144ccf1df_6.0.26100.3912_none_3e07963ce335137e;c:\Users\Prajj\.vscode\extensions\redhat.java-1.41.1-win32-x64\jre\21.0.6-win32-x86_64\bin\server;C:\Users\Prajj\AppData\Roaming\Code\User\globalStorage\redhat.java\1.41.1\config_win\org.eclipse.equinox.launcher\org.eclipse.equinox.launcher.win32.win32.x86_64_1.2.1300.v20250331-1702;C:\Users\Prajj\AppData\Local\Temp\jna-77374463

VM Arguments:
jvm_args: --add-modules=ALL-SYSTEM --add-opens=java.base/java.util=ALL-UNNAMED --add-opens=java.base/java.lang=ALL-UNNAMED --add-opens=java.base/sun.nio.fs=ALL-UNNAMED -Declipse.application=org.eclipse.jdt.ls.core.id1 -Dosgi.bundles.defaultStartLevel=4 -Declipse.product=org.eclipse.jdt.ls.core.product -Djava.import.generatesMetadataFilesAtProjectRoot=false -DDetectVMInstallationsJob.disabled=true -Dfile.encoding=utf8 -XX:+UseParallelGC -XX:GCTimeRatio=4 -XX:AdaptiveSizePolicyWeight=90 -Dsun.zip.disableMemoryMapping=true -Xmx1G -Xms100m -Xlog:disable -javaagent:c:\Users\Prajj\.vscode\extensions\redhat.java-1.41.1-win32-x64\lombok\lombok-1.18.36.jar -XX:+HeapDumpOnOutOfMemoryError -XX:HeapDumpPath=c:\Users\Prajj\AppData\Roaming\Code\User\workspaceStorage\5758e71ef092184fd3b5830747acee19\redhat.java -Daether.dependencyCollector.impl=bf 
java_command: c:\Users\Prajj\.vscode\extensions\redhat.java-1.41.1-win32-x64\server\plugins\org.eclipse.equinox.launcher_1.7.0.v20250331-1702.jar -configuration c:\Users\Prajj\AppData\Roaming\Code\User\globalStorage\redhat.java\1.41.1\config_win -data c:\Users\Prajj\AppData\Roaming\Code\User\workspaceStorage\5758e71ef092184fd3b5830747acee19\redhat.java\jdt_ws --pipe=\\.\pipe\lsp-b16d91692157f5c1934de3c5c7b16bfa-sock
java_class_path (initial): c:\Users\Prajj\.vscode\extensions\redhat.java-1.41.1-win32-x64\server\plugins\org.eclipse.equinox.launcher_1.7.0.v20250331-1702.jar
Launcher Type: SUN_STANDARD

[Global flags]
    uintx AdaptiveSizePolicyWeight                 = 90                                        {product} {command line}
     intx CICompilerCount                          = 4                                         {product} {ergonomic}
    uintx GCTimeRatio                              = 4                                         {product} {command line}
     bool HeapDumpOnOutOfMemoryError               = true                                   {manageable} {command line}
    ccstr HeapDumpPath                             = c:\Users\Prajj\AppData\Roaming\Code\User\workspaceStorage\5758e71ef092184fd3b5830747acee19\redhat.java         {manageable} {command line}
   size_t InitialHeapSize                          = 104857600                                 {product} {command line}
   size_t MaxHeapSize                              = 1073741824                                {product} {command line}
   size_t MaxNewSize                               = 357564416                                 {product} {ergonomic}
   size_t MinHeapDeltaBytes                        = 524288                                    {product} {ergonomic}
   size_t MinHeapSize                              = 104857600                                 {product} {command line}
   size_t NewSize                                  = 34603008                                  {product} {ergonomic}
    uintx NonNMethodCodeHeapSize                   = 5839372                                {pd product} {ergonomic}
    uintx NonProfiledCodeHeapSize                  = 122909434                              {pd product} {ergonomic}
   size_t OldSize                                  = 70254592                                  {product} {ergonomic}
    uintx ProfiledCodeHeapSize                     = 122909434                              {pd product} {ergonomic}
    uintx ReservedCodeCacheSize                    = 251658240                              {pd product} {ergonomic}
     bool SegmentedCodeCache                       = true                                      {product} {ergonomic}
   size_t SoftMaxHeapSize                          = 1073741824                             {manageable} {ergonomic}
     bool UseCompressedOops                        = true                           {product lp64_product} {ergonomic}
     bool UseLargePagesIndividualAllocation        = false                                  {pd product} {ergonomic}
     bool UseParallelGC                            = true                                      {product} {command line}

Logging:
Log output configuration:
 #0: stdout all=off uptime,level,tags foldmultilines=false
 #1: stderr all=off uptime,level,tags foldmultilines=false

Environment Variables:
JAVA_HOME=C:\Program Files\Java\jdk-17
PATH=C:\Program Files\Python313\Scripts\;C:\Program Files\Python313\;C:\Users\Prajj\Downloads\WINDOWS.X64_193000_db_home\bin;C:\Program Files\Common Files\Oracle\Java\javapath;C:\Program Files\Eclipse Adoptium\jdk-17.0.8.7-hotspot\bin;C:\Program Files (x86)\VMware\VMware Workstation\bin\;C:\Program Files (x86)\Common Files\Oracle\Java\javapath;C:\windows\system32;C:\windows;C:\windows\System32\Wbem;C:\windows\System32\WindowsPowerShell\v1.0\;C:\windows\System32\OpenSSH\;C:\MinGW\bin\gcc.exe;C:\MinGW\bin;C:\Program Files\MATLAB\R2023a\bin;C:\Program Files\Java\jre1.8.0_361\bin;C:\Users\Prajj\AppData\Local\Android\Sdk\emulator;C:\Users\Prajj\AppData\Local\Android\Sdk\platform-tools;C:\Program Files\Git\cmd;C:\Program Files\Java\jdk-17\bin;C:\php-8.3.6;C:\Program Files\nodejs\;C:\Program Files\HP\HP One Agent;C:\Program Files\Graphviz\bin;C:\WINDOWS\system32;C:\WINDOWS;C:\WINDOWS\System32\Wbem;C:\WINDOWS\System32\WindowsPowerShell\v1.0\;C:\WINDOWS\System32\OpenSSH\;C:\Users\Prajj\AppData\Local\Programs\Python\Python39\Scripts\;C:\Users\Prajj\AppData\Local\Programs\Python\Python39\;C:\Program Files\MySQL\MySQL Shell 8.0\bin\;C:\Users\Prajj\AppData\Local\Microsoft\WindowsApps;C:\Users\Prajj\AppData\Local\Programs\Microsoft VS Code\bin;C:\MinGW\bin;C:\Users\Prajj\AppData\Local\Android\Sdk\emulator;C:\Program Files\Wireshark\uninstall.exe;C:\Program Files (x86)\GnuWin32\bin;C:\Users\Prajj\AppData\Roaming\npm;C:\Program Files\JetBrains\IntelliJ IDEA 2024.3.5\bin;;C:\Program Files\JetBrains\IntelliJ IDEA Community Edition 2024.3.5\bin;;C:\Users\Prajj\AppData\Local\Programs\cursor\resources\app\bin
USERNAME=Prajj
OS=Windows_NT
PROCESSOR_IDENTIFIER=Intel64 Family 6 Model 154 Stepping 4, GenuineIntel
TMP=C:\Users\Prajj\AppData\Local\Temp
TEMP=C:\Users\Prajj\AppData\Local\Temp




Periodic native trim disabled

---------------  S Y S T E M  ---------------

OS:
 Windows 11 , 64 bit Build 26100 (10.0.26100.3912)
OS uptime: 1 days 2:13 hours
Hyper-V role detected

CPU: total 12 (initial active 12) (6 cores per cpu, 2 threads per core) family 6 model 154 stepping 4 microcode 0x42c, cx8, cmov, fxsr, ht, mmx, 3dnowpref, sse, sse2, sse3, ssse3, sse4.1, sse4.2, popcnt, lzcnt, tsc, tscinvbit, avx, avx2, aes, erms, clmul, bmi1, bmi2, adx, sha, fma, vzeroupper, clflush, clflushopt, clwb, hv, serialize, rdtscp, rdpid, fsrm, f16c, cet_ibt, cet_ss
Processor Information for processor 0
  Max Mhz: 1300, Current Mhz: 1300, Mhz Limit: 1300
Processor Information for processor 1
  Max Mhz: 1300, Current Mhz: 1300, Mhz Limit: 1300
Processor Information for processor 2
  Max Mhz: 1300, Current Mhz: 1300, Mhz Limit: 1300
Processor Information for processor 3
  Max Mhz: 1300, Current Mhz: 1300, Mhz Limit: 1300
Processor Information for processor 4
  Max Mhz: 1300, Current Mhz: 900, Mhz Limit: 897
Processor Information for processor 5
  Max Mhz: 1300, Current Mhz: 900, Mhz Limit: 897
Processor Information for processor 6
  Max Mhz: 1300, Current Mhz: 900, Mhz Limit: 897
Processor Information for processor 7
  Max Mhz: 1300, Current Mhz: 900, Mhz Limit: 897
Processor Information for processor 8
  Max Mhz: 1300, Current Mhz: 900, Mhz Limit: 897
Processor Information for processor 9
  Max Mhz: 1300, Current Mhz: 900, Mhz Limit: 897
Processor Information for processor 10
  Max Mhz: 1300, Current Mhz: 900, Mhz Limit: 897
Processor Information for processor 11
  Max Mhz: 1300, Current Mhz: 900, Mhz Limit: 897

Memory: 4k page, system-wide physical 7860M (491M free)
TotalPageFile size 32436M (AvailPageFile size 56M)
current process WorkingSet (physical memory assigned to process): 591M, peak: 608M
current process commit charge ("private bytes"): 586M, peak: 950M

vm_info: OpenJDK 64-Bit Server VM (21.0.6+7-LTS) for windows-amd64 JRE (21.0.6+7-LTS), built on 2025-01-21T00:00:00Z by "admin" with MS VC++ 17.7 (VS2022)

END.
