#
# There is insufficient memory for the Java Runtime Environment to continue.
# Native memory allocation (malloc) failed to allocate 1650256 bytes. Error detail: Chunk::new
# Possible reasons:
#   The system is out of physical RAM or swap space
#   This process is running with CompressedOops enabled, and the Java Heap may be blocking the growth of the native heap
# Possible solutions:
#   Reduce memory load on the system
#   Increase physical memory or swap space
#   Check if swap backing store is full
#   Decrease Java heap size (-Xmx/-Xms)
#   Decrease number of Java threads
#   Decrease Java thread stack sizes (-Xss)
#   Set larger code cache with -XX:ReservedCodeCacheSize=
#   JVM is running with Unscaled Compressed Oops mode in which the Java heap is
#     placed in the first 4GB address space. The Java Heap base address is the
#     maximum limit for the native heap growth. Please use -XX:HeapBaseMinAddress
#     to set the Java Heap base and to place the Java Heap above 4GB virtual address.
# This output file may be truncated or incomplete.
#
#  Out of Memory Error (arena.cpp:168), pid=22276, tid=30548
#
# JRE version: OpenJDK Runtime Environment Temurin-21.0.6+7 (21.0.6+7) (build 21.0.6+7-LTS)
# Java VM: OpenJDK 64-Bit Server VM Temurin-21.0.6+7 (21.0.6+7-LTS, mixed mode, sharing, tiered, compressed oops, compressed class ptrs, parallel gc, windows-amd64)
# No core dump will be written. Minidumps are not enabled by default on client versions of Windows
#

---------------  S U M M A R Y ------------

Command Line: --add-modules=ALL-SYSTEM --add-opens=java.base/java.util=ALL-UNNAMED --add-opens=java.base/java.lang=ALL-UNNAMED --add-opens=java.base/sun.nio.fs=ALL-UNNAMED -Declipse.application=org.eclipse.jdt.ls.core.id1 -Dosgi.bundles.defaultStartLevel=4 -Declipse.product=org.eclipse.jdt.ls.core.product -Djava.import.generatesMetadataFilesAtProjectRoot=false -DDetectVMInstallationsJob.disabled=true -Dfile.encoding=utf8 -XX:+UseParallelGC -XX:GCTimeRatio=4 -XX:AdaptiveSizePolicyWeight=90 -Dsun.zip.disableMemoryMapping=true -Xmx1G -Xms100m -Xlog:disable -javaagent:c:\Users\Prajj\.vscode\extensions\redhat.java-1.41.1-win32-x64\lombok\lombok-1.18.36.jar -XX:+HeapDumpOnOutOfMemoryError -XX:HeapDumpPath=c:\Users\Prajj\AppData\Roaming\Code\User\workspaceStorage\5758e71ef092184fd3b5830747acee19\redhat.java -Daether.dependencyCollector.impl=bf c:\Users\Prajj\.vscode\extensions\redhat.java-1.41.1-win32-x64\server\plugins\org.eclipse.equinox.launcher_1.7.0.v20250331-1702.jar -configuration c:\Users\Prajj\AppData\Roaming\Code\User\globalStorage\redhat.java\1.41.1\config_win -data c:\Users\Prajj\AppData\Roaming\Code\User\workspaceStorage\5758e71ef092184fd3b5830747acee19\redhat.java\jdt_ws --pipe=\\.\pipe\lsp-25f3d844b6908cd4f484127f48707a20-sock

Host: 12th Gen Intel(R) Core(TM) i5-1235U, 12 cores, 7G,  Windows 11 , 64 bit Build 26100 (10.0.26100.3912)
Time: Fri May 16 23:07:02 2025 India Standard Time elapsed time: 45.231198 seconds (0d 0h 0m 45s)

---------------  T H R E A D  ---------------

Current thread (0x000001dff4ef9400):  JavaThread "C2 CompilerThread1" daemon [_thread_in_native, id=30548, stack(0x000000027b500000,0x000000027b600000) (1024K)]


Current CompileTask:
C2:45231 8479 %     4       org.lombokweb.asm.SymbolTable::<init> @ 98 (536 bytes)

Stack: [0x000000027b500000,0x000000027b600000]
Native frames: (J=compiled Java code, j=interpreted, Vv=VM code, C=native code)
V  [jvm.dll+0x6cdee9]
V  [jvm.dll+0x8a83d1]
V  [jvm.dll+0x8aa8fe]
V  [jvm.dll+0x8aafe3]
V  [jvm.dll+0x27f706]
V  [jvm.dll+0xc500d]
V  [jvm.dll+0xc5543]
V  [jvm.dll+0x3b6752]
V  [jvm.dll+0x1dfe13]
V  [jvm.dll+0x247b42]
V  [jvm.dll+0x246fcf]
V  [jvm.dll+0x1c75ee]
V  [jvm.dll+0x25685a]
V  [jvm.dll+0x254dfa]
V  [jvm.dll+0x3f0256]
V  [jvm.dll+0x851f8b]
V  [jvm.dll+0x6cc5ed]
C  [ucrtbase.dll+0x37b0]
C  [KERNEL32.DLL+0x2e8d7]
C  [ntdll.dll+0x9c5dc]


---------------  P R O C E S S  ---------------

Threads class SMR info:
_java_thread_list=0x000001dff5c56d10, length=65, elements={
0x000001dfd8b817a0, 0x000001dfd8c20f90, 0x000001dfd8c243d0, 0x000001dfd8c27ae0,
0x000001dfd8c28ae0, 0x000001dfd8c2ad20, 0x000001dfee3e9fe0, 0x000001dfd8c3c960,
0x000001dfd8c3df20, 0x000001dfee4d2880, 0x000001dfee4d2f10, 0x000001dfee4d0e40,
0x000001dfee4d14d0, 0x000001dfee4d35a0, 0x000001dfee4d1b60, 0x000001dfee4d07b0,
0x000001dfee4d3c30, 0x000001dff4335030, 0x000001dff4334310, 0x000001dff43335f0,
0x000001dff4332f60, 0x000001dff43328d0, 0x000001dff43349a0, 0x000001dff4332240,
0x000001dff4337790, 0x000001dff4337e20, 0x000001dff43384b0, 0x000001dff4335d50,
0x000001dff43391d0, 0x000001dff4336a70, 0x000001dff43363e0, 0x000001dff4338b40,
0x000001dff4337100, 0x000001dff6a97ed0, 0x000001dff6a97840, 0x000001dff6a9a630,
0x000001dff6a98560, 0x000001dff6a9c070, 0x000001dff6a9b350, 0x000001dff6a99280,
0x000001dff6a98bf0, 0x000001dff6a9c700, 0x000001dff6a9dab0, 0x000001dff6a9e140,
0x000001dff6a9e7d0, 0x000001dff6a9ee60, 0x000001dff6a9b9e0, 0x000001dff4331bb0,
0x000001dff54e0bb0, 0x000001dff54e3310, 0x000001dff54e1240, 0x000001dff54dfe90,
0x000001dff54e2c80, 0x000001dff54e18d0, 0x000001dff54e1f60, 0x000001dff54e25f0,
0x000001dff54e39a0, 0x000001dff54e0520, 0x000001dff54e6100, 0x000001dff54e4030,
0x000001dff54e53e0, 0x000001dff54e4d50, 0x000001dff54e6e20, 0x000001dff54e46c0,
0x000001dff4ef9400
}

Java Threads: ( => current thread )
  0x000001dfd8b817a0 JavaThread "<un-named>"                        [_thread_blocked, id=20104, stack(0x0000000279800000,0x0000000279900000) (1024K)]
  0x000001dfd8c20f90 JavaThread "<un-named>"                
[error occurred during error reporting (printing all threads), id 0xc0000005, EXCEPTION_ACCESS_VIOLATION (0xc0000005) at pc=0x00007ffd01e5874d]
VM state: at safepoint (normal execution)

VM Mutex/Monitor currently owned by a thread:  ([mutex/lock_event])
[0x00007ffd0271e380] Threads_lock - owner thread: 0x000001dfd8c208f0
[0x00007ffd0271e480] Heap_lock - owner thread: 0x000001dff43335f0

Heap address: 0x00000000c0000000, size: 1024 MB, Compressed Oops mode: 32-bit

CDS archive(s) mapped at: [0x000001df80000000-0x000001df80ba0000-0x000001df80ba0000), size 12189696, SharedBaseAddress: 0x000001df80000000, ArchiveRelocationMode: 1.
Compressed class space mapped at: 0x000001df81000000-0x000001dfc1000000, reserved size: 1073741824
Narrow klass base: 0x000001df80000000, Narrow klass shift: 0, Narrow klass range: 0x100000000

GC Precious Log:
 CardTable entry size: 512
 CPUs: 12 total, 12 available
 Memory: 7860M
 Large Page Support: Disabled
 NUMA Support: Disabled
 Compressed Oops: Enabled (32-bit)
 Alignments: Space 512K, Generation 512K, Heap 2M
 Heap Min Capacity: 100M
 Heap Initial Capacity: 100M
 Heap Max Capacity: 1G
 Pre-touch: Disabled
 Parallel Workers: 10

Heap:
 PSYoungGen      total 9216K, used 9112K [0x00000000eab00000, 0x00000000eb580000, 0x0000000100000000)
  eden space 7680K, 99% used [0x00000000eab00000,0x00000000eb27c6b0,0x00000000eb280000)
  from space 1536K, 94% used [0x00000000eb400000,0x00000000eb569b38,0x00000000eb580000)
  to   space 1536K, 98% used [0x00000000eb280000,0x00000000eb3fbe38,0x00000000eb400000)
 ParOldGen       total 317952K, used 317728K [0x00000000c0000000, 0x00000000d3680000, 0x00000000eab00000)
  object space 317952K, 99% used [0x00000000c0000000,0x00000000d36483d8,0x00000000d3680000)
 Metaspace       used 54969K, committed 56192K, reserved 1114112K
  class space    used 5716K, committed 6272K, reserved 1048576K

Card table byte_map: [0x000001dfd8520000,0x000001dfd8730000] _byte_map_base: 0x000001dfd7f20000

Marking Bits: (ParMarkBitMap*) 0x00007ffd02723260
 Begin Bits: [0x000001dfead70000, 0x000001dfebd70000)
 End Bits:   [0x000001dfebd70000, 0x000001dfecd70000)

Polling page: 0x000001dfd8280000

Metaspace:

Usage:
  Non-class:     48.10 MB used.
      Class:      5.58 MB used.
       Both:     53.68 MB used.

Virtual space:
  Non-class space:       64.00 MB reserved,      48.75 MB ( 76%) committed,  1 nodes.
      Class space:        1.00 GB reserved,       6.12 MB ( <1%) committed,  1 nodes.
             Both:        1.06 GB reserved,      54.88 MB (  5%) committed. 

Chunk freelists:
   Non-Class:  15.08 MB
       Class:  9.72 MB
        Both:  24.80 MB

MaxMetaspaceSize: unlimited
CompressedClassSpaceSize: 1.00 GB
Initial GC threshold: 21.00 MB
Current GC threshold: 58.38 MB
CDS: on
 - commit_granule_bytes: 65536.
 - commit_granule_words: 8192.
 - virtual_space_node_default_size: 8388608.
 - enlarge_chunks_in_place: 1.
 - use_allocation_guard: 0.


Internal statistics:

num_allocs_failed_limit: 6.
num_arena_births: 1036.
num_arena_deaths: 14.
num_vsnodes_births: 2.
num_vsnodes_deaths: 0.
num_space_committed: 878.
num_space_uncommitted: 0.
num_chunks_returned_to_freelist: 20.
num_chunks_taken_from_freelist: 3587.
num_chunk_merges: 12.
num_chunk_splits: 2213.
num_chunks_enlarged: 1220.
num_inconsistent_stats: 0.

CodeHeap 'non-profiled nmethods': size=120000Kb used=5001Kb max_used=5110Kb free=114998Kb
 bounds [0x000001dfe3840000, 0x000001dfe3d40000, 0x000001dfead70000]
CodeHeap 'profiled nmethods': size=120000Kb used=17170Kb max_used=17747Kb free=102829Kb
 bounds [0x000001dfdbd70000, 0x000001dfdced0000, 0x000001dfe32a0000]
CodeHeap 'non-nmethods': size=5760Kb used=1403Kb max_used=1466Kb free=4356Kb
 bounds [0x000001dfe32a0000, 0x000001dfe3510000, 0x000001dfe3840000]
 total_blobs=8642 nmethods=7932 adapters=616
 compilation: enabled
              stopped_count=0, restarted_count=0
 full_count=0

Compilation events (20 events):
Event: 45.206 Thread 0x000001dfd8c3df20 8653   !   3       org.eclipse.jdt.internal.compiler.impl.CompilerOptions::versionToJdkLevel (236 bytes)
Event: 45.208 Thread 0x000001dfd8c3df20 nmethod 8653 0x000001dfdceb9f10 code [0x000001dfdceba300, 0x000001dfdcebbc40]
Event: 45.208 Thread 0x000001dfd8c3df20 8650       3       java.lang.StringConcatHelper::prepend (30 bytes)
Event: 45.209 Thread 0x000001dfd8c3df20 nmethod 8650 0x000001dfdcebc490 code [0x000001dfdcebc660, 0x000001dfdcebc838]
Event: 45.209 Thread 0x000001dfd8c3df20 8651       3       java.lang.invoke.LambdaForm$MH/0x000001df811d3c00::invoke (75 bytes)
Event: 45.209 Thread 0x000001dfd8c3df20 nmethod 8651 0x000001dfdcebc910 code [0x000001dfdcebcb40, 0x000001dfdcebd3d0]
Event: 45.209 Thread 0x000001dfd8c3df20 8652       3       java.lang.invoke.LambdaForm$MH/0x000001df811d3800::invoke (27 bytes)
Event: 45.209 Thread 0x000001dfd8c3df20 nmethod 8652 0x000001dfdcebd610 code [0x000001dfdcebd7e0, 0x000001dfdcebdb70]
Event: 45.209 Thread 0x000001dfd8c3df20 8655       3       org.eclipse.jdt.internal.compiler.ast.ImportReference::isStatic (14 bytes)
Event: 45.210 Thread 0x000001dfd8c3df20 nmethod 8655 0x000001dfdcebdc90 code [0x000001dfdcebde40, 0x000001dfdcebdfb8]
Event: 45.210 Thread 0x000001dfd8c3df20 8656       1       org.eclipse.jdt.internal.compiler.ast.TypeDeclaration::isImplicitType (2 bytes)
Event: 45.210 Thread 0x000001dfd8c3df20 nmethod 8656 0x000001dfe3d3d690 code [0x000001dfe3d3d820, 0x000001dfe3d3d8e8]
Event: 45.210 Thread 0x000001dfd8c3df20 8657       3       org.eclipse.jdt.internal.compiler.lookup.ImportBinding::isStatic (21 bytes)
Event: 45.210 Thread 0x000001dfd8c3df20 nmethod 8657 0x000001dfdcebe090 code [0x000001dfdcebe240, 0x000001dfdcebe498]
Event: 45.210 Thread 0x000001dfd8c3df20 8658       3       org.eclipse.jdt.internal.compiler.util.SortedCharArrays::compareCharArray (50 bytes)
Event: 45.210 Thread 0x000001dfd8c3df20 nmethod 8658 0x000001dfdcebe590 code [0x000001dfdcebe740, 0x000001dfdcebe9e8]
Event: 45.211 Thread 0x000001dfd8c3df20 8659 %     3       org.eclipse.jdt.internal.core.index.DiskIndex::computeDocumentNames @ 101 (607 bytes)
Event: 45.216 Thread 0x000001dfd8c3df20 nmethod 8659% 0x000001dfdcebeb10 code [0x000001dfdcebef60, 0x000001dfdcec1698]
Event: 45.223 Thread 0x000001dfd8c3df20 8660       3       org.eclipse.jdt.internal.core.util.Util::quickSort (107 bytes)
Event: 45.224 Thread 0x000001dfd8c3df20 nmethod 8660 0x000001dfdcec2990 code [0x000001dfdcec2bc0, 0x000001dfdcec33d0]

GC Heap History (20 events):
Event: 45.014 GC heap before
{Heap before GC invocations=259 (full 2):
 PSYoungGen      total 9216K, used 8885K [0x00000000eab00000, 0x00000000eb580000, 0x0000000100000000)
  eden space 7680K, 100% used [0x00000000eab00000,0x00000000eb280000,0x00000000eb280000)
  from space 1536K, 78% used [0x00000000eb400000,0x00000000eb52d540,0x00000000eb580000)
  to   space 1536K, 0% used [0x00000000eb280000,0x00000000eb280000,0x00000000eb400000)
 ParOldGen       total 304640K, used 304426K [0x00000000c0000000, 0x00000000d2980000, 0x00000000eab00000)
  object space 304640K, 99% used [0x00000000c0000000,0x00000000d294a9a0,0x00000000d2980000)
 Metaspace       used 54177K, committed 55424K, reserved 1114112K
  class space    used 5653K, committed 6208K, reserved 1048576K
}
Event: 45.016 GC heap after
{Heap after GC invocations=259 (full 2):
 PSYoungGen      total 9216K, used 1134K [0x00000000eab00000, 0x00000000eb580000, 0x0000000100000000)
  eden space 7680K, 0% used [0x00000000eab00000,0x00000000eab00000,0x00000000eb280000)
  from space 1536K, 73% used [0x00000000eb280000,0x00000000eb39ba48,0x00000000eb400000)
  to   space 1536K, 0% used [0x00000000eb400000,0x00000000eb400000,0x00000000eb580000)
 ParOldGen       total 305664K, used 305468K [0x00000000c0000000, 0x00000000d2a80000, 0x00000000eab00000)
  object space 305664K, 99% used [0x00000000c0000000,0x00000000d2a4f368,0x00000000d2a80000)
 Metaspace       used 54177K, committed 55424K, reserved 1114112K
  class space    used 5653K, committed 6208K, reserved 1048576K
}
Event: 45.031 GC heap before
{Heap before GC invocations=260 (full 2):
 PSYoungGen      total 9216K, used 8814K [0x00000000eab00000, 0x00000000eb580000, 0x0000000100000000)
  eden space 7680K, 100% used [0x00000000eab00000,0x00000000eb280000,0x00000000eb280000)
  from space 1536K, 73% used [0x00000000eb280000,0x00000000eb39ba48,0x00000000eb400000)
  to   space 1536K, 0% used [0x00000000eb400000,0x00000000eb400000,0x00000000eb580000)
 ParOldGen       total 306176K, used 305837K [0x00000000c0000000, 0x00000000d2b00000, 0x00000000eab00000)
  object space 306176K, 99% used [0x00000000c0000000,0x00000000d2aab7b8,0x00000000d2b00000)
 Metaspace       used 54390K, committed 55616K, reserved 1114112K
  class space    used 5676K, committed 6208K, reserved 1048576K
}
Event: 45.033 GC heap after
{Heap after GC invocations=260 (full 2):
 PSYoungGen      total 9216K, used 1251K [0x00000000eab00000, 0x00000000eb580000, 0x0000000100000000)
  eden space 7680K, 0% used [0x00000000eab00000,0x00000000eab00000,0x00000000eb280000)
  from space 1536K, 81% used [0x00000000eb400000,0x00000000eb538f98,0x00000000eb580000)
  to   space 1536K, 0% used [0x00000000eb280000,0x00000000eb280000,0x00000000eb400000)
 ParOldGen       total 307200K, used 306813K [0x00000000c0000000, 0x00000000d2c00000, 0x00000000eab00000)
  object space 307200K, 99% used [0x00000000c0000000,0x00000000d2b9f700,0x00000000d2c00000)
 Metaspace       used 54390K, committed 55616K, reserved 1114112K
  class space    used 5676K, committed 6208K, reserved 1048576K
}
Event: 45.047 GC heap before
{Heap before GC invocations=261 (full 2):
 PSYoungGen      total 9216K, used 8911K [0x00000000eab00000, 0x00000000eb580000, 0x0000000100000000)
  eden space 7680K, 99% used [0x00000000eab00000,0x00000000eb27ae78,0x00000000eb280000)
  from space 1536K, 81% used [0x00000000eb400000,0x00000000eb538f98,0x00000000eb580000)
  to   space 1536K, 0% used [0x00000000eb280000,0x00000000eb280000,0x00000000eb400000)
 ParOldGen       total 307200K, used 306813K [0x00000000c0000000, 0x00000000d2c00000, 0x00000000eab00000)
  object space 307200K, 99% used [0x00000000c0000000,0x00000000d2b9f700,0x00000000d2c00000)
 Metaspace       used 54512K, committed 55744K, reserved 1114112K
  class space    used 5684K, committed 6208K, reserved 1048576K
}
Event: 45.049 GC heap after
{Heap after GC invocations=261 (full 2):
 PSYoungGen      total 9216K, used 1472K [0x00000000eab00000, 0x00000000eb580000, 0x0000000100000000)
  eden space 7680K, 0% used [0x00000000eab00000,0x00000000eab00000,0x00000000eb280000)
  from space 1536K, 95% used [0x00000000eb280000,0x00000000eb3f0350,0x00000000eb400000)
  to   space 1536K, 0% used [0x00000000eb400000,0x00000000eb400000,0x00000000eb580000)
 ParOldGen       total 308224K, used 307884K [0x00000000c0000000, 0x00000000d2d00000, 0x00000000eab00000)
  object space 308224K, 99% used [0x00000000c0000000,0x00000000d2cab1a0,0x00000000d2d00000)
 Metaspace       used 54512K, committed 55744K, reserved 1114112K
  class space    used 5684K, committed 6208K, reserved 1048576K
}
Event: 45.066 GC heap before
{Heap before GC invocations=262 (full 2):
 PSYoungGen      total 9216K, used 9151K [0x00000000eab00000, 0x00000000eb580000, 0x0000000100000000)
  eden space 7680K, 99% used [0x00000000eab00000,0x00000000eb27fb88,0x00000000eb280000)
  from space 1536K, 95% used [0x00000000eb280000,0x00000000eb3f0350,0x00000000eb400000)
  to   space 1536K, 0% used [0x00000000eb400000,0x00000000eb400000,0x00000000eb580000)
 ParOldGen       total 308224K, used 307884K [0x00000000c0000000, 0x00000000d2d00000, 0x00000000eab00000)
  object space 308224K, 99% used [0x00000000c0000000,0x00000000d2cab1a0,0x00000000d2d00000)
 Metaspace       used 54574K, committed 55872K, reserved 1114112K
  class space    used 5689K, committed 6272K, reserved 1048576K
}
Event: 45.068 GC heap after
{Heap after GC invocations=262 (full 2):
 PSYoungGen      total 9216K, used 1367K [0x00000000eab00000, 0x00000000eb580000, 0x0000000100000000)
  eden space 7680K, 0% used [0x00000000eab00000,0x00000000eab00000,0x00000000eb280000)
  from space 1536K, 89% used [0x00000000eb400000,0x00000000eb555e40,0x00000000eb580000)
  to   space 1536K, 0% used [0x00000000eb280000,0x00000000eb280000,0x00000000eb400000)
 ParOldGen       total 309248K, used 309102K [0x00000000c0000000, 0x00000000d2e00000, 0x00000000eab00000)
  object space 309248K, 99% used [0x00000000c0000000,0x00000000d2ddbaa0,0x00000000d2e00000)
 Metaspace       used 54574K, committed 55872K, reserved 1114112K
  class space    used 5689K, committed 6272K, reserved 1048576K
}
Event: 45.083 GC heap before
{Heap before GC invocations=263 (full 2):
 PSYoungGen      total 9216K, used 9037K [0x00000000eab00000, 0x00000000eb580000, 0x0000000100000000)
  eden space 7680K, 99% used [0x00000000eab00000,0x00000000eb27d610,0x00000000eb280000)
  from space 1536K, 89% used [0x00000000eb400000,0x00000000eb555e40,0x00000000eb580000)
  to   space 1536K, 0% used [0x00000000eb280000,0x00000000eb280000,0x00000000eb400000)
 ParOldGen       total 309248K, used 309102K [0x00000000c0000000, 0x00000000d2e00000, 0x00000000eab00000)
  object space 309248K, 99% used [0x00000000c0000000,0x00000000d2ddbaa0,0x00000000d2e00000)
 Metaspace       used 54650K, committed 55936K, reserved 1114112K
  class space    used 5689K, committed 6272K, reserved 1048576K
}
Event: 45.086 GC heap after
{Heap after GC invocations=263 (full 2):
 PSYoungGen      total 9216K, used 1510K [0x00000000eab00000, 0x00000000eb680000, 0x0000000100000000)
  eden space 7680K, 0% used [0x00000000eab00000,0x00000000eab00000,0x00000000eb280000)
  from space 1536K, 98% used [0x00000000eb280000,0x00000000eb3f9a40,0x00000000eb400000)
  to   space 2048K, 0% used [0x00000000eb480000,0x00000000eb480000,0x00000000eb680000)
 ParOldGen       total 310784K, used 310422K [0x00000000c0000000, 0x00000000d2f80000, 0x00000000eab00000)
  object space 310784K, 99% used [0x00000000c0000000,0x00000000d2f259c0,0x00000000d2f80000)
 Metaspace       used 54650K, committed 55936K, reserved 1114112K
  class space    used 5689K, committed 6272K, reserved 1048576K
}
Event: 45.103 GC heap before
{Heap before GC invocations=264 (full 2):
 PSYoungGen      total 9216K, used 9184K [0x00000000eab00000, 0x00000000eb680000, 0x0000000100000000)
  eden space 7680K, 99% used [0x00000000eab00000,0x00000000eb27e958,0x00000000eb280000)
  from space 1536K, 98% used [0x00000000eb280000,0x00000000eb3f9a40,0x00000000eb400000)
  to   space 2048K, 0% used [0x00000000eb480000,0x00000000eb480000,0x00000000eb680000)
 ParOldGen       total 310784K, used 310422K [0x00000000c0000000, 0x00000000d2f80000, 0x00000000eab00000)
  object space 310784K, 99% used [0x00000000c0000000,0x00000000d2f259c0,0x00000000d2f80000)
 Metaspace       used 54664K, committed 55936K, reserved 1114112K
  class space    used 5689K, committed 6272K, reserved 1048576K
}
Event: 45.105 GC heap after
{Heap after GC invocations=264 (full 2):
 PSYoungGen      total 9728K, used 1551K [0x00000000eab00000, 0x00000000eb680000, 0x0000000100000000)
  eden space 7680K, 0% used [0x00000000eab00000,0x00000000eab00000,0x00000000eb280000)
  from space 2048K, 75% used [0x00000000eb480000,0x00000000eb603cf8,0x00000000eb680000)
  to   space 2048K, 0% used [0x00000000eb280000,0x00000000eb280000,0x00000000eb480000)
 ParOldGen       total 311808K, used 311757K [0x00000000c0000000, 0x00000000d3080000, 0x00000000eab00000)
  object space 311808K, 99% used [0x00000000c0000000,0x00000000d3073790,0x00000000d3080000)
 Metaspace       used 54664K, committed 55936K, reserved 1114112K
  class space    used 5689K, committed 6272K, reserved 1048576K
}
Event: 45.122 GC heap before
{Heap before GC invocations=265 (full 2):
 PSYoungGen      total 9728K, used 9213K [0x00000000eab00000, 0x00000000eb680000, 0x0000000100000000)
  eden space 7680K, 99% used [0x00000000eab00000,0x00000000eb27b740,0x00000000eb280000)
  from space 2048K, 75% used [0x00000000eb480000,0x00000000eb603cf8,0x00000000eb680000)
  to   space 2048K, 0% used [0x00000000eb280000,0x00000000eb280000,0x00000000eb480000)
 ParOldGen       total 311808K, used 311757K [0x00000000c0000000, 0x00000000d3080000, 0x00000000eab00000)
  object space 311808K, 99% used [0x00000000c0000000,0x00000000d3073790,0x00000000d3080000)
 Metaspace       used 54682K, committed 56000K, reserved 1114112K
  class space    used 5689K, committed 6272K, reserved 1048576K
}
Event: 45.124 GC heap after
{Heap after GC invocations=265 (full 2):
 PSYoungGen      total 9728K, used 1529K [0x00000000eab00000, 0x00000000eb680000, 0x0000000100000000)
  eden space 7680K, 0% used [0x00000000eab00000,0x00000000eab00000,0x00000000eb280000)
  from space 2048K, 74% used [0x00000000eb280000,0x00000000eb3fe4c8,0x00000000eb480000)
  to   space 2048K, 0% used [0x00000000eb480000,0x00000000eb480000,0x00000000eb680000)
 ParOldGen       total 313344K, used 313120K [0x00000000c0000000, 0x00000000d3200000, 0x00000000eab00000)
  object space 313344K, 99% used [0x00000000c0000000,0x00000000d31c81a0,0x00000000d3200000)
 Metaspace       used 54682K, committed 56000K, reserved 1114112K
  class space    used 5689K, committed 6272K, reserved 1048576K
}
Event: 45.140 GC heap before
{Heap before GC invocations=266 (full 2):
 PSYoungGen      total 9728K, used 9111K [0x00000000eab00000, 0x00000000eb680000, 0x0000000100000000)
  eden space 7680K, 98% used [0x00000000eab00000,0x00000000eb267a48,0x00000000eb280000)
  from space 2048K, 74% used [0x00000000eb280000,0x00000000eb3fe4c8,0x00000000eb480000)
  to   space 2048K, 0% used [0x00000000eb480000,0x00000000eb480000,0x00000000eb680000)
 ParOldGen       total 313344K, used 313120K [0x00000000c0000000, 0x00000000d3200000, 0x00000000eab00000)
  object space 313344K, 99% used [0x00000000c0000000,0x00000000d31c81a0,0x00000000d3200000)
 Metaspace       used 54716K, committed 56000K, reserved 1114112K
  class space    used 5691K, committed 6272K, reserved 1048576K
}
Event: 45.142 GC heap after
{Heap after GC invocations=266 (full 2):
 PSYoungGen      total 9728K, used 1534K [0x00000000eab00000, 0x00000000eb680000, 0x0000000100000000)
  eden space 7680K, 0% used [0x00000000eab00000,0x00000000eab00000,0x00000000eb280000)
  from space 2048K, 74% used [0x00000000eb480000,0x00000000eb5ffbe8,0x00000000eb680000)
  to   space 2048K, 0% used [0x00000000eb280000,0x00000000eb280000,0x00000000eb480000)
 ParOldGen       total 314880K, used 314439K [0x00000000c0000000, 0x00000000d3380000, 0x00000000eab00000)
  object space 314880K, 99% used [0x00000000c0000000,0x00000000d3311fa0,0x00000000d3380000)
 Metaspace       used 54716K, committed 56000K, reserved 1114112K
  class space    used 5691K, committed 6272K, reserved 1048576K
}
Event: 45.158 GC heap before
{Heap before GC invocations=267 (full 2):
 PSYoungGen      total 9728K, used 9214K [0x00000000eab00000, 0x00000000eb680000, 0x0000000100000000)
  eden space 7680K, 100% used [0x00000000eab00000,0x00000000eb280000,0x00000000eb280000)
  from space 2048K, 74% used [0x00000000eb480000,0x00000000eb5ffbe8,0x00000000eb680000)
  to   space 2048K, 0% used [0x00000000eb280000,0x00000000eb280000,0x00000000eb480000)
 ParOldGen       total 314880K, used 314439K [0x00000000c0000000, 0x00000000d3380000, 0x00000000eab00000)
  object space 314880K, 99% used [0x00000000c0000000,0x00000000d3311fa0,0x00000000d3380000)
 Metaspace       used 54826K, committed 56128K, reserved 1114112K
  class space    used 5698K, committed 6272K, reserved 1048576K
}
Event: 45.161 GC heap after
{Heap after GC invocations=267 (full 2):
 PSYoungGen      total 9216K, used 1452K [0x00000000eab00000, 0x00000000eb580000, 0x0000000100000000)
  eden space 7680K, 0% used [0x00000000eab00000,0x00000000eab00000,0x00000000eb280000)
  from space 1536K, 94% used [0x00000000eb280000,0x00000000eb3eb1c8,0x00000000eb400000)
  to   space 1536K, 0% used [0x00000000eb400000,0x00000000eb400000,0x00000000eb580000)
 ParOldGen       total 315904K, used 315763K [0x00000000c0000000, 0x00000000d3480000, 0x00000000eab00000)
  object space 315904K, 99% used [0x00000000c0000000,0x00000000d345cc28,0x00000000d3480000)
 Metaspace       used 54826K, committed 56128K, reserved 1114112K
  class space    used 5698K, committed 6272K, reserved 1048576K
}
Event: 45.183 GC heap before
{Heap before GC invocations=268 (full 2):
 PSYoungGen      total 9216K, used 9132K [0x00000000eab00000, 0x00000000eb580000, 0x0000000100000000)
  eden space 7680K, 100% used [0x00000000eab00000,0x00000000eb280000,0x00000000eb280000)
  from space 1536K, 94% used [0x00000000eb280000,0x00000000eb3eb1c8,0x00000000eb400000)
  to   space 1536K, 0% used [0x00000000eb400000,0x00000000eb400000,0x00000000eb580000)
 ParOldGen       total 315904K, used 315763K [0x00000000c0000000, 0x00000000d3480000, 0x00000000eab00000)
  object space 315904K, 99% used [0x00000000c0000000,0x00000000d345cc28,0x00000000d3480000)
 Metaspace       used 54843K, committed 56128K, reserved 1114112K
  class space    used 5698K, committed 6272K, reserved 1048576K
}
Event: 45.185 GC heap after
{Heap after GC invocations=268 (full 2):
 PSYoungGen      total 9216K, used 1446K [0x00000000eab00000, 0x00000000eb580000, 0x0000000100000000)
  eden space 7680K, 0% used [0x00000000eab00000,0x00000000eab00000,0x00000000eb280000)
  from space 1536K, 94% used [0x00000000eb400000,0x00000000eb569b38,0x00000000eb580000)
  to   space 1536K, 0% used [0x00000000eb280000,0x00000000eb280000,0x00000000eb400000)
 ParOldGen       total 317440K, used 317008K [0x00000000c0000000, 0x00000000d3600000, 0x00000000eab00000)
  object space 317440K, 99% used [0x00000000c0000000,0x00000000d3594128,0x00000000d3600000)
 Metaspace       used 54843K, committed 56128K, reserved 1114112K
  class space    used 5698K, committed 6272K, reserved 1048576K
}

Dll operation events (10 events):
Event: 0.019 Loaded shared library c:\Users\Prajj\.vscode\extensions\redhat.java-1.41.1-win32-x64\jre\21.0.6-win32-x86_64\bin\java.dll
Event: 0.139 Loaded shared library c:\Users\Prajj\.vscode\extensions\redhat.java-1.41.1-win32-x64\jre\21.0.6-win32-x86_64\bin\zip.dll
Event: 0.179 Loaded shared library C:\Users\Prajj\.vscode\extensions\redhat.java-1.41.1-win32-x64\jre\21.0.6-win32-x86_64\bin\instrument.dll
Event: 0.190 Loaded shared library C:\Users\Prajj\.vscode\extensions\redhat.java-1.41.1-win32-x64\jre\21.0.6-win32-x86_64\bin\net.dll
Event: 0.196 Loaded shared library C:\Users\Prajj\.vscode\extensions\redhat.java-1.41.1-win32-x64\jre\21.0.6-win32-x86_64\bin\nio.dll
Event: 0.201 Loaded shared library C:\Users\Prajj\.vscode\extensions\redhat.java-1.41.1-win32-x64\jre\21.0.6-win32-x86_64\bin\zip.dll
Event: 0.236 Loaded shared library C:\Users\Prajj\.vscode\extensions\redhat.java-1.41.1-win32-x64\jre\21.0.6-win32-x86_64\bin\jimage.dll
Event: 0.420 Loaded shared library c:\Users\Prajj\.vscode\extensions\redhat.java-1.41.1-win32-x64\jre\21.0.6-win32-x86_64\bin\verify.dll
Event: 6.807 Loaded shared library C:\Users\Prajj\AppData\Roaming\Code\User\globalStorage\redhat.java\1.41.1\config_win\org.eclipse.equinox.launcher\org.eclipse.equinox.launcher.win32.win32.x86_64_1.2.1300.v20250331-1702\eclipse_11911.dll
Event: 14.971 Loaded shared library C:\Users\Prajj\AppData\Local\Temp\jna-77374463\jna5772933020788450937.dll

Deoptimization events (20 events):
Event: 44.937 Thread 0x000001dff43335f0 DEOPT PACKING pc=0x000001dfdc5e3733 sp=0x000000027b8fa3b0
Event: 44.937 Thread 0x000001dff43335f0 DEOPT UNPACKING pc=0x000001dfe32f4242 sp=0x000000027b8f98e0 mode 0
Event: 44.951 Thread 0x000001dff43335f0 DEOPT PACKING pc=0x000001dfdc5e3733 sp=0x000000027b8fa3b0
Event: 44.951 Thread 0x000001dff43335f0 DEOPT UNPACKING pc=0x000001dfe32f4242 sp=0x000000027b8f98e0 mode 0
Event: 45.204 Thread 0x000001dff43335f0 Uncommon trap: trap_request=0xffffffc6 fr.pc=0x000001dfe3c83190 relative=0x00000000000006f0
Event: 45.204 Thread 0x000001dff43335f0 Uncommon trap: reason=bimorphic_or_optimized_type_check action=maybe_recompile pc=0x000001dfe3c83190 method=java.util.HashMap.putVal(ILjava/lang/Object;Ljava/lang/Object;ZZ)Ljava/lang/Object; @ 203 c2
Event: 45.204 Thread 0x000001dff43335f0 DEOPT PACKING pc=0x000001dfe3c83190 sp=0x000000027b8fe320
Event: 45.204 Thread 0x000001dff43335f0 DEOPT UNPACKING pc=0x000001dfe32f3aa2 sp=0x000000027b8fe290 mode 2
Event: 45.207 Thread 0x000001dff43335f0 Uncommon trap: trap_request=0xffffffc6 fr.pc=0x000001dfe3c83190 relative=0x00000000000006f0
Event: 45.207 Thread 0x000001dff43335f0 Uncommon trap: reason=bimorphic_or_optimized_type_check action=maybe_recompile pc=0x000001dfe3c83190 method=java.util.HashMap.putVal(ILjava/lang/Object;Ljava/lang/Object;ZZ)Ljava/lang/Object; @ 203 c2
Event: 45.207 Thread 0x000001dff43335f0 DEOPT PACKING pc=0x000001dfe3c83190 sp=0x000000027b8fe320
Event: 45.208 Thread 0x000001dff43335f0 DEOPT UNPACKING pc=0x000001dfe32f3aa2 sp=0x000000027b8fe290 mode 2
Event: 45.211 Thread 0x000001dff43335f0 Uncommon trap: trap_request=0xffffff45 fr.pc=0x000001dfe3c869ac relative=0x000000000000008c
Event: 45.211 Thread 0x000001dff43335f0 Uncommon trap: reason=unstable_if action=reinterpret pc=0x000001dfe3c869ac method=org.eclipse.jdt.internal.compiler.classfmt.ClassFileReader.isAnonymous()Z @ 4 c2
Event: 45.211 Thread 0x000001dff43335f0 DEOPT PACKING pc=0x000001dfe3c869ac sp=0x000000027b8fde40
Event: 45.212 Thread 0x000001dff43335f0 DEOPT UNPACKING pc=0x000001dfe32f3aa2 sp=0x000000027b8fddc8 mode 2
Event: 45.213 Thread 0x000001dff43335f0 Uncommon trap: trap_request=0xffffff45 fr.pc=0x000001dfe3c28098 relative=0x0000000000000078
Event: 45.213 Thread 0x000001dff43335f0 Uncommon trap: reason=unstable_if action=reinterpret pc=0x000001dfe3c28098 method=org.eclipse.jdt.internal.compiler.classfmt.MethodInfo.getModifiers()I @ 5 c2
Event: 45.213 Thread 0x000001dff43335f0 DEOPT PACKING pc=0x000001dfe3c28098 sp=0x000000027b8fdbf0
Event: 45.213 Thread 0x000001dff43335f0 DEOPT UNPACKING pc=0x000001dfe32f3aa2 sp=0x000000027b8fdb88 mode 2

Classes loaded (20 events):
Event: 34.609 Loading class sun/util/cldr/CLDRBaseLocaleDataMetaInfo$TZCanonicalIDMapHolder
Event: 34.610 Loading class sun/util/cldr/CLDRBaseLocaleDataMetaInfo$TZCanonicalIDMapHolder done
Event: 34.611 Loading class sun/util/resources/TimeZoneNames
Event: 34.612 Loading class sun/util/resources/TimeZoneNames done
Event: 34.612 Loading class sun/util/resources/TimeZoneNames_en
Event: 34.612 Loading class sun/util/resources/TimeZoneNames_en done
Event: 42.853 Loading class java/util/concurrent/ForkJoinTask$AdaptedCallable
Event: 42.853 Loading class java/util/concurrent/ForkJoinTask$AdaptedCallable done
Event: 43.541 Loading class java/util/Vector$1
Event: 43.542 Loading class java/util/Vector$1 done
Event: 44.233 Loading class java/util/regex/Pattern$Caret
Event: 44.233 Loading class java/util/regex/Pattern$Caret done
Event: 44.328 Loading class java/util/regex/Pattern$LazyLoop
Event: 44.328 Loading class java/util/regex/Pattern$LazyLoop done
Event: 45.194 Loading class java/util/stream/ReduceOps$4
Event: 45.194 Loading class java/util/stream/ReduceOps$4 done
Event: 45.196 Loading class java/util/stream/ReduceOps$4ReducingSink
Event: 45.196 Loading class java/util/stream/ReduceOps$4ReducingSink done
Event: 45.199 Loading class java/nio/file/Files$2
Event: 45.199 Loading class java/nio/file/Files$2 done

Classes unloaded (7 events):
Event: 16.248 Thread 0x000001dfd8c208f0 Unloading class 0x000001df8119f400 'java/lang/invoke/LambdaForm$MH+0x000001df8119f400'
Event: 16.248 Thread 0x000001dfd8c208f0 Unloading class 0x000001df8119f000 'java/lang/invoke/LambdaForm$MH+0x000001df8119f000'
Event: 16.248 Thread 0x000001dfd8c208f0 Unloading class 0x000001df8119ec00 'java/lang/invoke/LambdaForm$MH+0x000001df8119ec00'
Event: 16.248 Thread 0x000001dfd8c208f0 Unloading class 0x000001df8119e800 'java/lang/invoke/LambdaForm$MH+0x000001df8119e800'
Event: 16.248 Thread 0x000001dfd8c208f0 Unloading class 0x000001df8119e400 'java/lang/invoke/LambdaForm$BMH+0x000001df8119e400'
Event: 16.248 Thread 0x000001dfd8c208f0 Unloading class 0x000001df8119e000 'java/lang/invoke/LambdaForm$DMH+0x000001df8119e000'
Event: 16.248 Thread 0x000001dfd8c208f0 Unloading class 0x000001df8119cc00 'java/lang/invoke/LambdaForm$DMH+0x000001df8119cc00'

Classes redefined (0 events):
No events

Internal exceptions (20 events):
Event: 21.752 Thread 0x000001dff43335f0 Exception <a 'sun/nio/fs/WindowsException'{0x00000000ead722c8}> (0x00000000ead722c8) 
thrown [s\src\hotspot\share\prims\jni.cpp, line 520]
Event: 21.752 Thread 0x000001dff43335f0 Exception <a 'sun/nio/fs/WindowsException'{0x00000000ead72b18}> (0x00000000ead72b18) 
thrown [s\src\hotspot\share\prims\jni.cpp, line 520]
Event: 21.829 Thread 0x000001dff6a98bf0 Exception <a 'java/lang/IncompatibleClassChangeError'{0x00000000eba0c188}: Found class java.lang.Object, but interface was expected> (0x00000000eba0c188) 
thrown [s\src\hotspot\share\interpreter\linkResolver.cpp, line 840]
Event: 25.534 Thread 0x000001dff43328d0 Implicit null exception at 0x000001dfe3c08a7c to 0x000001dfe3c0ddb8
Event: 32.949 Thread 0x000001dff43335f0 Exception <a 'sun/nio/fs/WindowsException'{0x00000000ead9d518}> (0x00000000ead9d518) 
thrown [s\src\hotspot\share\prims\jni.cpp, line 520]
Event: 32.949 Thread 0x000001dff43335f0 Exception <a 'sun/nio/fs/WindowsException'{0x00000000ead9e280}> (0x00000000ead9e280) 
thrown [s\src\hotspot\share\prims\jni.cpp, line 520]
Event: 33.510 Thread 0x000001dff43335f0 Exception <a 'java/io/FileNotFoundException'{0x00000000eb077bc0}> (0x00000000eb077bc0) 
thrown [s\src\hotspot\share\prims\jni.cpp, line 520]
Event: 33.511 Thread 0x000001dff43335f0 Exception <a 'java/io/FileNotFoundException'{0x00000000eb078bb8}> (0x00000000eb078bb8) 
thrown [s\src\hotspot\share\prims\jni.cpp, line 520]
Event: 33.921 Thread 0x000001dff43335f0 Exception <a 'java/io/FileNotFoundException'{0x00000000eb0d5a78}> (0x00000000eb0d5a78) 
thrown [s\src\hotspot\share\prims\jni.cpp, line 520]
Event: 33.921 Thread 0x000001dff43335f0 Exception <a 'java/io/FileNotFoundException'{0x00000000eb162120}> (0x00000000eb162120) 
thrown [s\src\hotspot\share\prims\jni.cpp, line 520]
Event: 33.922 Thread 0x000001dff43335f0 Exception <a 'java/io/FileNotFoundException'{0x00000000eb163138}> (0x00000000eb163138) 
thrown [s\src\hotspot\share\prims\jni.cpp, line 520]
Event: 42.656 Thread 0x000001dff43335f0 Implicit null exception at 0x000001dfe39dc502 to 0x000001dfe39dc5fc
Event: 42.850 Thread 0x000001dff43335f0 Exception <a 'sun/nio/fs/WindowsException'{0x00000000ead99ce8}> (0x00000000ead99ce8) 
thrown [s\src\hotspot\share\prims\jni.cpp, line 520]
Event: 42.856 Thread 0x000001dff6a9dab0 Exception <a 'sun/nio/fs/WindowsException'{0x00000000eaecbaf8}> (0x00000000eaecbaf8) 
thrown [s\src\hotspot\share\prims\jni.cpp, line 520]
Event: 42.858 Thread 0x000001dff6a9e140 Exception <a 'sun/nio/fs/WindowsException'{0x00000000eaf45020}> (0x00000000eaf45020) 
thrown [s\src\hotspot\share\prims\jni.cpp, line 520]
Event: 42.863 Thread 0x000001dff6a9b9e0 Exception <a 'sun/nio/fs/WindowsException'{0x00000000eab20650}> (0x00000000eab20650) 
thrown [s\src\hotspot\share\prims\jni.cpp, line 520]
Event: 42.864 Thread 0x000001dff6a9e7d0 Exception <a 'sun/nio/fs/WindowsException'{0x00000000eab03cb0}> (0x00000000eab03cb0) 
thrown [s\src\hotspot\share\prims\jni.cpp, line 520]
Event: 42.864 Thread 0x000001dff6a9ee60 Exception <a 'sun/nio/fs/WindowsException'{0x00000000eab1bb70}> (0x00000000eab1bb70) 
thrown [s\src\hotspot\share\prims\jni.cpp, line 520]
Event: 42.865 Thread 0x000001dff54e0bb0 Exception <a 'sun/nio/fs/WindowsException'{0x00000000eab25118}> (0x00000000eab25118) 
thrown [s\src\hotspot\share\prims\jni.cpp, line 520]
Event: 45.202 Thread 0x000001dff43335f0 Exception <a 'java/lang/NoSuchMethodError'{0x00000000eb10b868}: 'int java.lang.invoke.DirectMethodHandle$Holder.invokeSpecialIFC(java.lang.Object, java.lang.Object, java.lang.Object)'> (0x00000000eb10b868) 
thrown [s\src\hotspot\share\interpreter\linkResolver.cpp, line 773]

ZGC Phase Switch (0 events):
No events

VM Operations (20 events):
Event: 45.030 Executing VM operation: ParallelGCFailedAllocation (Allocation Failure)
Event: 45.033 Executing VM operation: ParallelGCFailedAllocation (Allocation Failure) done
Event: 45.047 Executing VM operation: ParallelGCFailedAllocation (Allocation Failure)
Event: 45.049 Executing VM operation: ParallelGCFailedAllocation (Allocation Failure) done
Event: 45.066 Executing VM operation: ParallelGCFailedAllocation (Allocation Failure)
Event: 45.068 Executing VM operation: ParallelGCFailedAllocation (Allocation Failure) done
Event: 45.083 Executing VM operation: ParallelGCFailedAllocation (Allocation Failure)
Event: 45.086 Executing VM operation: ParallelGCFailedAllocation (Allocation Failure) done
Event: 45.103 Executing VM operation: ParallelGCFailedAllocation (Allocation Failure)
Event: 45.105 Executing VM operation: ParallelGCFailedAllocation (Allocation Failure) done
Event: 45.122 Executing VM operation: ParallelGCFailedAllocation (Allocation Failure)
Event: 45.124 Executing VM operation: ParallelGCFailedAllocation (Allocation Failure) done
Event: 45.140 Executing VM operation: ParallelGCFailedAllocation (Allocation Failure)
Event: 45.142 Executing VM operation: ParallelGCFailedAllocation (Allocation Failure) done
Event: 45.158 Executing VM operation: ParallelGCFailedAllocation (Allocation Failure)
Event: 45.161 Executing VM operation: ParallelGCFailedAllocation (Allocation Failure) done
Event: 45.183 Executing VM operation: ParallelGCFailedAllocation (Allocation Failure)
Event: 45.186 Executing VM operation: ParallelGCFailedAllocation (Allocation Failure) done
Event: 45.196 Executing VM operation: HandshakeAllThreads (Deoptimize)
Event: 45.196 Executing VM operation: HandshakeAllThreads (Deoptimize) done

Memory protections (0 events):
No events

Nmethod flushes (20 events):
Event: 18.187 Thread 0x000001dfd8c208f0 flushing  nmethod 0x000001dfdc3f2010
Event: 18.187 Thread 0x000001dfd8c208f0 flushing  nmethod 0x000001dfdc3f3210
Event: 18.187 Thread 0x000001dfd8c208f0 flushing  nmethod 0x000001dfdc3f8a90
Event: 18.187 Thread 0x000001dfd8c208f0 flushing  nmethod 0x000001dfdc3f9410
Event: 18.187 Thread 0x000001dfd8c208f0 flushing  nmethod 0x000001dfdc43d610
Event: 18.187 Thread 0x000001dfd8c208f0 flushing  nmethod 0x000001dfdc44a410
Event: 18.187 Thread 0x000001dfd8c208f0 flushing  nmethod 0x000001dfdc452410
Event: 18.187 Thread 0x000001dfd8c208f0 flushing  nmethod 0x000001dfdc45c610
Event: 18.187 Thread 0x000001dfd8c208f0 flushing  nmethod 0x000001dfdc492490
Event: 18.187 Thread 0x000001dfd8c208f0 flushing  nmethod 0x000001dfdc4c3010
Event: 18.187 Thread 0x000001dfd8c208f0 flushing  nmethod 0x000001dfdc4daf10
Event: 18.187 Thread 0x000001dfd8c208f0 flushing  nmethod 0x000001dfdc4fbb90
Event: 18.187 Thread 0x000001dfd8c208f0 flushing  nmethod 0x000001dfdc516e10
Event: 18.187 Thread 0x000001dfd8c208f0 flushing  nmethod 0x000001dfdc517290
Event: 18.187 Thread 0x000001dfd8c208f0 flushing  nmethod 0x000001dfdc518210
Event: 18.187 Thread 0x000001dfd8c208f0 flushing  nmethod 0x000001dfdc519010
Event: 18.187 Thread 0x000001dfd8c208f0 flushing  nmethod 0x000001dfdc519c90
Event: 18.187 Thread 0x000001dfd8c208f0 flushing  nmethod 0x000001dfdc51c890
Event: 18.187 Thread 0x000001dfd8c208f0 flushing  nmethod 0x000001dfdc52a110
Event: 18.187 Thread 0x000001dfd8c208f0 flushing  nmethod 0x000001dfdc546310

Events (20 events):
Event: 42.862 Thread 0x000001dff6a9ee60 Thread added: 0x000001dff4331bb0
Event: 42.862 Thread 0x000001dff6a9b9e0 Thread added: 0x000001dff54e0bb0
Event: 42.863 Thread 0x000001dff54e0bb0 Thread added: 0x000001dff54e3310
Event: 42.864 Thread 0x000001dff6a9e140 Thread added: 0x000001dff54e1240
Event: 42.864 Thread 0x000001dff6a9b9e0 Thread added: 0x000001dff54dfe90
Event: 42.865 Thread 0x000001dff6a9b9e0 Thread added: 0x000001dff54e2c80
Event: 42.865 Thread 0x000001dff54e3310 Thread added: 0x000001dff54e18d0
Event: 42.938 Thread 0x000001dff43335f0 Thread added: 0x000001dff54e1f60
Event: 42.938 Thread 0x000001dff43335f0 Thread added: 0x000001dff54e25f0
Event: 42.939 Thread 0x000001dff43335f0 Thread added: 0x000001dff54e39a0
Event: 42.940 Thread 0x000001dff43335f0 Thread added: 0x000001dff54e0520
Event: 42.940 Thread 0x000001dff43335f0 Thread added: 0x000001dff54e6100
Event: 42.940 Thread 0x000001dff43335f0 Thread added: 0x000001dff54e4030
Event: 42.940 Thread 0x000001dff54e1f60 Thread added: 0x000001dff54e53e0
Event: 42.940 Thread 0x000001dff54e25f0 Thread added: 0x000001dff54e4d50
Event: 42.941 Thread 0x000001dff54e39a0 Thread added: 0x000001dff54e6e20
Event: 42.941 Thread 0x000001dff43335f0 Thread added: 0x000001dff54e46c0
Event: 43.111 Thread 0x000001dfee626f70 Thread exited: 0x000001dfee626f70
Event: 43.111 Thread 0x000001dff5c57320 Thread exited: 0x000001dff5c57320
Event: 44.080 Thread 0x000001dfd8c3df20 Thread added: 0x000001dff4ef9400


Dynamic libraries:
0x00007ff687850000 - 0x00007ff68785e000 	c:\Users\Prajj\.vscode\extensions\redhat.java-1.41.1-win32-x64\jre\21.0.6-win32-x86_64\bin\java.exe
0x00007ffdb6620000 - 0x00007ffdb6886000 	C:\WINDOWS\SYSTEM32\ntdll.dll
0x00007ffdb57d0000 - 0x00007ffdb5899000 	C:\WINDOWS\System32\KERNEL32.DLL
0x00007ffdb37b0000 - 0x00007ffdb3b7c000 	C:\WINDOWS\System32\KERNELBASE.dll
0x00007ffdb3b80000 - 0x00007ffdb3ccb000 	C:\WINDOWS\System32\ucrtbase.dll
0x00007ffd92bb0000 - 0x00007ffd92bce000 	c:\Users\Prajj\.vscode\extensions\redhat.java-1.41.1-win32-x64\jre\21.0.6-win32-x86_64\bin\VCRUNTIME140.dll
0x00007ffd924f0000 - 0x00007ffd92508000 	c:\Users\Prajj\.vscode\extensions\redhat.java-1.41.1-win32-x64\jre\21.0.6-win32-x86_64\bin\jli.dll
0x00007ffdb4460000 - 0x00007ffdb462a000 	C:\WINDOWS\System32\USER32.dll
0x00007ffdb3f80000 - 0x00007ffdb3fa7000 	C:\WINDOWS\System32\win32u.dll
0x00007ffdb62a0000 - 0x00007ffdb62cb000 	C:\WINDOWS\System32\GDI32.dll
0x00007ffdb3cd0000 - 0x00007ffdb3e02000 	C:\WINDOWS\System32\gdi32full.dll
0x00007ffdb3ed0000 - 0x00007ffdb3f73000 	C:\WINDOWS\System32\msvcp_win.dll
0x00007ffd93d60000 - 0x00007ffd93ffa000 	C:\WINDOWS\WinSxS\amd64_microsoft.windows.common-controls_6595b64144ccf1df_6.0.26100.3912_none_3e07963ce335137e\COMCTL32.dll
0x00007ffdb62d0000 - 0x00007ffdb6379000 	C:\WINDOWS\System32\msvcrt.dll
0x00007ffdb4750000 - 0x00007ffdb4780000 	C:\WINDOWS\System32\IMM32.DLL
0x00007ffdada10000 - 0x00007ffdada1c000 	c:\Users\Prajj\.vscode\extensions\redhat.java-1.41.1-win32-x64\jre\21.0.6-win32-x86_64\bin\vcruntime140_1.dll
0x00007ffd53780000 - 0x00007ffd5380d000 	c:\Users\Prajj\.vscode\extensions\redhat.java-1.41.1-win32-x64\jre\21.0.6-win32-x86_64\bin\msvcp140.dll
0x00007ffd01a70000 - 0x00007ffd02800000 	c:\Users\Prajj\.vscode\extensions\redhat.java-1.41.1-win32-x64\jre\21.0.6-win32-x86_64\bin\server\jvm.dll
0x00007ffdb5e60000 - 0x00007ffdb5f12000 	C:\WINDOWS\System32\ADVAPI32.dll
0x00007ffdb5db0000 - 0x00007ffdb5e56000 	C:\WINDOWS\System32\sechost.dll
0x00007ffdb6070000 - 0x00007ffdb6186000 	C:\WINDOWS\System32\RPCRT4.dll
0x00007ffdb43e0000 - 0x00007ffdb4454000 	C:\WINDOWS\System32\WS2_32.dll
0x00007ffdb3600000 - 0x00007ffdb365e000 	C:\WINDOWS\SYSTEM32\POWRPROF.dll
0x00007ffd9fa00000 - 0x00007ffd9fa0b000 	C:\WINDOWS\SYSTEM32\VERSION.dll
0x00007ffda6c20000 - 0x00007ffda6c56000 	C:\WINDOWS\SYSTEM32\WINMM.dll
0x00007ffdb35e0000 - 0x00007ffdb35f4000 	C:\WINDOWS\SYSTEM32\UMPDC.dll
0x00007ffdb2570000 - 0x00007ffdb258a000 	C:\WINDOWS\SYSTEM32\kernel.appcore.dll
0x00007ffd98440000 - 0x00007ffd9844a000 	c:\Users\Prajj\.vscode\extensions\redhat.java-1.41.1-win32-x64\jre\21.0.6-win32-x86_64\bin\jimage.dll
0x00007ffdb0f40000 - 0x00007ffdb1181000 	C:\WINDOWS\SYSTEM32\DBGHELP.DLL
0x00007ffdb4f40000 - 0x00007ffdb52c4000 	C:\WINDOWS\System32\combase.dll
0x00007ffdb64f0000 - 0x00007ffdb65d0000 	C:\WINDOWS\System32\OLEAUT32.dll
0x00007ffd8e5a0000 - 0x00007ffd8e5d9000 	C:\WINDOWS\SYSTEM32\dbgcore.DLL
0x00007ffdb4340000 - 0x00007ffdb43d9000 	C:\WINDOWS\System32\bcryptPrimitives.dll
0x00007ffd97ed0000 - 0x00007ffd97edf000 	c:\Users\Prajj\.vscode\extensions\redhat.java-1.41.1-win32-x64\jre\21.0.6-win32-x86_64\bin\instrument.dll
0x00007ffd8cda0000 - 0x00007ffd8cdbf000 	c:\Users\Prajj\.vscode\extensions\redhat.java-1.41.1-win32-x64\jre\21.0.6-win32-x86_64\bin\java.dll
0x00007ffdb4810000 - 0x00007ffdb4f3d000 	C:\WINDOWS\System32\SHELL32.dll
0x00007ffdb3fb0000 - 0x00007ffdb4124000 	C:\WINDOWS\System32\wintypes.dll
0x00007ffdb13f0000 - 0x00007ffdb1c46000 	C:\WINDOWS\SYSTEM32\windows.storage.dll
0x00007ffdb4630000 - 0x00007ffdb471f000 	C:\WINDOWS\System32\SHCORE.dll
0x00007ffdb5760000 - 0x00007ffdb57c9000 	C:\WINDOWS\System32\shlwapi.dll
0x00007ffdb36c0000 - 0x00007ffdb36ef000 	C:\WINDOWS\SYSTEM32\profapi.dll
0x00007ffd84160000 - 0x00007ffd84178000 	c:\Users\Prajj\.vscode\extensions\redhat.java-1.41.1-win32-x64\jre\21.0.6-win32-x86_64\bin\zip.dll
0x00007ffd92f50000 - 0x00007ffd92f60000 	C:\Users\Prajj\.vscode\extensions\redhat.java-1.41.1-win32-x64\jre\21.0.6-win32-x86_64\bin\net.dll
0x00007ffda60b0000 - 0x00007ffda61ce000 	C:\WINDOWS\SYSTEM32\WINHTTP.dll
0x00007ffdb2ae0000 - 0x00007ffdb2b4a000 	C:\WINDOWS\system32\mswsock.dll
0x00007ffd67340000 - 0x00007ffd67356000 	C:\Users\Prajj\.vscode\extensions\redhat.java-1.41.1-win32-x64\jre\21.0.6-win32-x86_64\bin\nio.dll
0x00007ffd935e0000 - 0x00007ffd935f0000 	c:\Users\Prajj\.vscode\extensions\redhat.java-1.41.1-win32-x64\jre\21.0.6-win32-x86_64\bin\verify.dll
0x00007ffd65e50000 - 0x00007ffd65e95000 	C:\Users\Prajj\AppData\Roaming\Code\User\globalStorage\redhat.java\1.41.1\config_win\org.eclipse.equinox.launcher\org.eclipse.equinox.launcher.win32.win32.x86_64_1.2.1300.v20250331-1702\eclipse_11911.dll
0x00007ffdb5360000 - 0x00007ffdb54ff000 	C:\WINDOWS\System32\ole32.dll
0x00007ffdb2d80000 - 0x00007ffdb2d9c000 	C:\WINDOWS\SYSTEM32\CRYPTSP.dll
0x00007ffdb24d0000 - 0x00007ffdb250a000 	C:\WINDOWS\system32\rsaenh.dll
0x00007ffdb2b80000 - 0x00007ffdb2bab000 	C:\WINDOWS\SYSTEM32\USERENV.dll
0x00007ffdb3690000 - 0x00007ffdb36b6000 	C:\WINDOWS\SYSTEM32\bcrypt.dll
0x00007ffdb2da0000 - 0x00007ffdb2dac000 	C:\WINDOWS\SYSTEM32\CRYPTBASE.dll
0x00007ffdb1fb0000 - 0x00007ffdb1fe3000 	C:\WINDOWS\SYSTEM32\IPHLPAPI.DLL
0x00007ffdb6060000 - 0x00007ffdb606a000 	C:\WINDOWS\System32\NSI.dll
0x00007ffd46360000 - 0x00007ffd463a9000 	C:\Users\Prajj\AppData\Local\Temp\jna-77374463\jna5772933020788450937.dll
0x00007ffdb6290000 - 0x00007ffdb6298000 	C:\WINDOWS\System32\PSAPI.DLL
0x00007ffda8e40000 - 0x00007ffda8e5f000 	C:\WINDOWS\SYSTEM32\dhcpcsvc6.DLL
0x00007ffda8e10000 - 0x00007ffda8e35000 	C:\WINDOWS\SYSTEM32\dhcpcsvc.DLL

dbghelp: loaded successfully - version: 4.0.5 - missing functions: none
symbol engine: initialized successfully - sym options: 0x614 - pdb path: .;c:\Users\Prajj\.vscode\extensions\redhat.java-1.41.1-win32-x64\jre\21.0.6-win32-x86_64\bin;C:\WINDOWS\SYSTEM32;C:\WINDOWS\WinSxS\amd64_microsoft.windows.common-controls_6595b64144ccf1df_6.0.26100.3912_none_3e07963ce335137e;c:\Users\Prajj\.vscode\extensions\redhat.java-1.41.1-win32-x64\jre\21.0.6-win32-x86_64\bin\server;C:\Users\Prajj\AppData\Roaming\Code\User\globalStorage\redhat.java\1.41.1\config_win\org.eclipse.equinox.launcher\org.eclipse.equinox.launcher.win32.win32.x86_64_1.2.1300.v20250331-1702;C:\Users\Prajj\AppData\Local\Temp\jna-77374463

VM Arguments:
jvm_args: --add-modules=ALL-SYSTEM --add-opens=java.base/java.util=ALL-UNNAMED --add-opens=java.base/java.lang=ALL-UNNAMED --add-opens=java.base/sun.nio.fs=ALL-UNNAMED -Declipse.application=org.eclipse.jdt.ls.core.id1 -Dosgi.bundles.defaultStartLevel=4 -Declipse.product=org.eclipse.jdt.ls.core.product -Djava.import.generatesMetadataFilesAtProjectRoot=false -DDetectVMInstallationsJob.disabled=true -Dfile.encoding=utf8 -XX:+UseParallelGC -XX:GCTimeRatio=4 -XX:AdaptiveSizePolicyWeight=90 -Dsun.zip.disableMemoryMapping=true -Xmx1G -Xms100m -Xlog:disable -javaagent:c:\Users\Prajj\.vscode\extensions\redhat.java-1.41.1-win32-x64\lombok\lombok-1.18.36.jar -XX:+HeapDumpOnOutOfMemoryError -XX:HeapDumpPath=c:\Users\Prajj\AppData\Roaming\Code\User\workspaceStorage\5758e71ef092184fd3b5830747acee19\redhat.java -Daether.dependencyCollector.impl=bf 
java_command: c:\Users\Prajj\.vscode\extensions\redhat.java-1.41.1-win32-x64\server\plugins\org.eclipse.equinox.launcher_1.7.0.v20250331-1702.jar -configuration c:\Users\Prajj\AppData\Roaming\Code\User\globalStorage\redhat.java\1.41.1\config_win -data c:\Users\Prajj\AppData\Roaming\Code\User\workspaceStorage\5758e71ef092184fd3b5830747acee19\redhat.java\jdt_ws --pipe=\\.\pipe\lsp-25f3d844b6908cd4f484127f48707a20-sock
java_class_path (initial): c:\Users\Prajj\.vscode\extensions\redhat.java-1.41.1-win32-x64\server\plugins\org.eclipse.equinox.launcher_1.7.0.v20250331-1702.jar
Launcher Type: SUN_STANDARD

[Global flags]
    uintx AdaptiveSizePolicyWeight                 = 90                                        {product} {command line}
     intx CICompilerCount                          = 4                                         {product} {ergonomic}
    uintx GCTimeRatio                              = 4                                         {product} {command line}
     bool HeapDumpOnOutOfMemoryError               = true                                   {manageable} {command line}
    ccstr HeapDumpPath                             = c:\Users\Prajj\AppData\Roaming\Code\User\workspaceStorage\5758e71ef092184fd3b5830747acee19\redhat.java         {manageable} {command line}
   size_t InitialHeapSize                          = 104857600                                 {product} {command line}
   size_t MaxHeapSize                              = 1073741824                                {product} {command line}
   size_t MaxNewSize                               = 357564416                                 {product} {ergonomic}
   size_t MinHeapDeltaBytes                        = 524288                                    {product} {ergonomic}
   size_t MinHeapSize                              = 104857600                                 {product} {command line}
   size_t NewSize                                  = 34603008                                  {product} {ergonomic}
    uintx NonNMethodCodeHeapSize                   = 5839372                                {pd product} {ergonomic}
    uintx NonProfiledCodeHeapSize                  = 122909434                              {pd product} {ergonomic}
   size_t OldSize                                  = 70254592                                  {product} {ergonomic}
    uintx ProfiledCodeHeapSize                     = 122909434                              {pd product} {ergonomic}
    uintx ReservedCodeCacheSize                    = 251658240                              {pd product} {ergonomic}
     bool SegmentedCodeCache                       = true                                      {product} {ergonomic}
   size_t SoftMaxHeapSize                          = 1073741824                             {manageable} {ergonomic}
     bool UseCompressedOops                        = true                           {product lp64_product} {ergonomic}
     bool UseLargePagesIndividualAllocation        = false                                  {pd product} {ergonomic}
     bool UseParallelGC                            = true                                      {product} {command line}

Logging:
Log output configuration:
 #0: stdout all=off uptime,level,tags foldmultilines=false
 #1: stderr all=off uptime,level,tags foldmultilines=false

Environment Variables:
JAVA_HOME=C:\Program Files\Java\jdk-17
PATH=C:\Program Files\Python313\Scripts\;C:\Program Files\Python313\;C:\Users\Prajj\Downloads\WINDOWS.X64_193000_db_home\bin;C:\Program Files\Common Files\Oracle\Java\javapath;C:\Program Files\Eclipse Adoptium\jdk-17.0.8.7-hotspot\bin;C:\Program Files (x86)\VMware\VMware Workstation\bin\;C:\Program Files (x86)\Common Files\Oracle\Java\javapath;C:\windows\system32;C:\windows;C:\windows\System32\Wbem;C:\windows\System32\WindowsPowerShell\v1.0\;C:\windows\System32\OpenSSH\;C:\MinGW\bin\gcc.exe;C:\MinGW\bin;C:\Program Files\MATLAB\R2023a\bin;C:\Program Files\Java\jre1.8.0_361\bin;C:\Users\Prajj\AppData\Local\Android\Sdk\emulator;C:\Users\Prajj\AppData\Local\Android\Sdk\platform-tools;C:\Program Files\Git\cmd;C:\Program Files\Java\jdk-17\bin;C:\php-8.3.6;C:\Program Files\nodejs\;C:\Program Files\HP\HP One Agent;C:\Program Files\Graphviz\bin;C:\WINDOWS\system32;C:\WINDOWS;C:\WINDOWS\System32\Wbem;C:\WINDOWS\System32\WindowsPowerShell\v1.0\;C:\WINDOWS\System32\OpenSSH\;C:\Users\Prajj\AppData\Local\Programs\Python\Python39\Scripts\;C:\Users\Prajj\AppData\Local\Programs\Python\Python39\;C:\Program Files\MySQL\MySQL Shell 8.0\bin\;C:\Users\Prajj\AppData\Local\Microsoft\WindowsApps;C:\Users\Prajj\AppData\Local\Programs\Microsoft VS Code\bin;C:\MinGW\bin;C:\Users\Prajj\AppData\Local\Android\Sdk\emulator;C:\Program Files\Wireshark\uninstall.exe;C:\Program Files (x86)\GnuWin32\bin;C:\Users\Prajj\AppData\Roaming\npm;C:\Program Files\JetBrains\IntelliJ IDEA 2024.3.5\bin;;C:\Program Files\JetBrains\IntelliJ IDEA Community Edition 2024.3.5\bin;;C:\Users\Prajj\AppData\Local\Programs\cursor\resources\app\bin
USERNAME=Prajj
OS=Windows_NT
PROCESSOR_IDENTIFIER=Intel64 Family 6 Model 154 Stepping 4, GenuineIntel
TMP=C:\Users\Prajj\AppData\Local\Temp
TEMP=C:\Users\Prajj\AppData\Local\Temp




Periodic native trim disabled

---------------  S Y S T E M  ---------------

OS:
 Windows 11 , 64 bit Build 26100 (10.0.26100.3912)
OS uptime: 1 days 2:12 hours
Hyper-V role detected

CPU: total 12 (initial active 12) (6 cores per cpu, 2 threads per core) family 6 model 154 stepping 4 microcode 0x42c, cx8, cmov, fxsr, ht, mmx, 3dnowpref, sse, sse2, sse3, ssse3, sse4.1, sse4.2, popcnt, lzcnt, tsc, tscinvbit, avx, avx2, aes, erms, clmul, bmi1, bmi2, adx, sha, fma, vzeroupper, clflush, clflushopt, clwb, hv, serialize, rdtscp, rdpid, fsrm, f16c, cet_ibt, cet_ss
Processor Information for processor 0
  Max Mhz: 1300, Current Mhz: 1300, Mhz Limit: 1300
Processor Information for processor 1
  Max Mhz: 1300, Current Mhz: 1300, Mhz Limit: 1300
Processor Information for processor 2
  Max Mhz: 1300, Current Mhz: 1300, Mhz Limit: 1300
Processor Information for processor 3
  Max Mhz: 1300, Current Mhz: 1300, Mhz Limit: 1300
Processor Information for processor 4
  Max Mhz: 1300, Current Mhz: 900, Mhz Limit: 897
Processor Information for processor 5
  Max Mhz: 1300, Current Mhz: 900, Mhz Limit: 897
Processor Information for processor 6
  Max Mhz: 1300, Current Mhz: 900, Mhz Limit: 897
Processor Information for processor 7
  Max Mhz: 1300, Current Mhz: 900, Mhz Limit: 897
Processor Information for processor 8
  Max Mhz: 1300, Current Mhz: 900, Mhz Limit: 897
Processor Information for processor 9
  Max Mhz: 1300, Current Mhz: 900, Mhz Limit: 897
Processor Information for processor 10
  Max Mhz: 1300, Current Mhz: 900, Mhz Limit: 897
Processor Information for processor 11
  Max Mhz: 1300, Current Mhz: 900, Mhz Limit: 897

Memory: 4k page, system-wide physical 7860M (512M free)
TotalPageFile size 32436M (AvailPageFile size 2M)
current process WorkingSet (physical memory assigned to process): 556M, peak: 556M
current process commit charge ("private bytes"): 554M, peak: 927M

vm_info: OpenJDK 64-Bit Server VM (21.0.6+7-LTS) for windows-amd64 JRE (21.0.6+7-LTS), built on 2025-01-21T00:00:00Z by "admin" with MS VC++ 17.7 (VS2022)

END.
